[INFO] Scanning for projects...
[INFO] 
[INFO] ---------------------< com.example:wms-discovery >----------------------
[INFO] Building wms-discovery 0.0.1-SNAPSHOT
[INFO]   from pom.xml
[INFO] --------------------------------[ jar ]---------------------------------
[INFO] 
[INFO] >>> spring-boot:3.5.7:run (default-cli) > test-compile @ wms-discovery >>>
[INFO] 
[INFO] --- resources:3.3.1:resources (default-resources) @ wms-discovery ---
[INFO] Copying 1 resource from src\main\resources to target\classes
[INFO] Copying 0 resource from src\main\resources to target\classes
[INFO] 
[INFO] --- compiler:3.14.1:compile (default-compile) @ wms-discovery ---
[INFO] Nothing to compile - all classes are up to date.
[INFO] 
[INFO] --- resources:3.3.1:testResources (default-testResources) @ wms-discovery ---
[INFO] skip non existing resourceDirectory D:\projects\wms-springcloud\wms-discovery\src\test\resources
[INFO] 
[INFO] --- compiler:3.14.1:testCompile (default-testCompile) @ wms-discovery ---
[INFO] No sources to compile
[INFO] 
[INFO] <<< spring-boot:3.5.7:run (default-cli) < test-compile @ wms-discovery <<<
[INFO] 
[INFO] 
[INFO] --- spring-boot:3.5.7:run (default-cli) @ wms-discovery ---
[INFO] Attaching agents: []

  .   ____          _            __ _ _
 /\\ / ___'_ __ _ _(_)_ __  __ _ \ \ \ \
( ( )\___ | '_ | '_| | '_ \/ _` | \ \ \ \
 \\/  ___)| |_)| | | | | || (_| |  ) ) ) )
  '  |____| .__|_| |_|_| |_\__, | / / / /
 =========|_|==============|___/=/_/_/_/

 :: Spring Boot ::                (v3.5.7)

2026-06-09T02:41:11.126+08:00  INFO 9544 --- [wms-discovery] [           main] c.e.w.discovery.WmsDiscoveryApplication  : Starting WmsDiscoveryApplication using Java 21.0.10 with PID 9544 (D:\projects\wms-springcloud\wms-discovery\target\classes started by lenovo in D:\projects\wms-springcloud\wms-discovery)
2026-06-09T02:41:11.128+08:00  INFO 9544 --- [wms-discovery] [           main] c.e.w.discovery.WmsDiscoveryApplication  : No active profile set, falling back to 1 default profile: "default"
2026-06-09T02:41:11.979+08:00  INFO 9544 --- [wms-discovery] [           main] o.s.cloud.context.scope.GenericScope     : BeanFactory id=d65acce0-7f99-3e65-b55b-12a352db2d14
2026-06-09T02:41:12.294+08:00  INFO 9544 --- [wms-discovery] [           main] o.s.b.w.embedded.tomcat.TomcatWebServer  : Tomcat initialized with port 8761 (http)
2026-06-09T02:41:12.319+08:00  INFO 9544 --- [wms-discovery] [           main] o.apache.catalina.core.StandardService   : Starting service [Tomcat]
2026-06-09T02:41:12.319+08:00  INFO 9544 --- [wms-discovery] [           main] o.apache.catalina.core.StandardEngine    : Starting Servlet engine: [Apache Tomcat/10.1.48]
2026-06-09T02:41:12.665+08:00  INFO 9544 --- [wms-discovery] [           main] o.a.c.c.C.[Tomcat].[localhost].[/]       : Initializing Spring embedded WebApplicationContext
2026-06-09T02:41:12.667+08:00  INFO 9544 --- [wms-discovery] [           main] w.s.c.ServletWebServerApplicationContext : Root WebApplicationContext: initialization completed in 1494 ms
2026-06-09T02:41:14.258+08:00  INFO 9544 --- [wms-discovery] [           main] c.n.d.provider.DiscoveryJerseyProvider   : Using JSON encoding codec LegacyJacksonJson
2026-06-09T02:41:14.260+08:00  INFO 9544 --- [wms-discovery] [           main] c.n.d.provider.DiscoveryJerseyProvider   : Using JSON decoding codec LegacyJacksonJson
2026-06-09T02:41:14.545+08:00  INFO 9544 --- [wms-discovery] [           main] c.n.d.provider.DiscoveryJerseyProvider   : Using XML encoding codec XStreamXml
2026-06-09T02:41:14.546+08:00  INFO 9544 --- [wms-discovery] [           main] c.n.d.provider.DiscoveryJerseyProvider   : Using XML decoding codec XStreamXml
2026-06-09T02:41:14.840+08:00  INFO 9544 --- [wms-discovery] [           main] o.s.v.b.OptionalValidatorFactoryBean     : Failed to set up a Bean Validation provider: jakarta.validation.NoProviderFoundException: Unable to create a Configuration, because no Jakarta Bean Validation provider could be found. Add a provider like Hibernate Validator (RI) to your classpath.
2026-06-09T02:41:16.326+08:00  INFO 9544 --- [wms-discovery] [           main] o.s.cloud.commons.util.InetUtils         : Cannot determine local hostname
2026-06-09T02:41:17.729+08:00  INFO 9544 --- [wms-discovery] [           main] o.s.cloud.commons.util.InetUtils         : Cannot determine local hostname
2026-06-09T02:41:17.797+08:00  WARN 9544 --- [wms-discovery] [           main] iguration$LoadBalancerCaffeineWarnLogger : Spring Cloud LoadBalancer is currently working with the default cache. While this cache implementation is useful for development and tests, it's recommended to use Caffeine cache in production.You can switch to using Caffeine cache, by adding it and org.springframework.cache.caffeine.CaffeineCacheManager to the classpath.
2026-06-09T02:41:17.829+08:00  INFO 9544 --- [wms-discovery] [           main] o.s.c.n.eureka.InstanceInfoFactory       : Setting initial instance status as: STARTING
2026-06-09T02:41:17.860+08:00  INFO 9544 --- [wms-discovery] [           main] com.netflix.discovery.DiscoveryClient    : Initializing Eureka in region us-east-1
2026-06-09T02:41:17.861+08:00  INFO 9544 --- [wms-discovery] [           main] com.netflix.discovery.DiscoveryClient    : Client configured to neither register nor query for data.
2026-06-09T02:41:17.866+08:00  INFO 9544 --- [wms-discovery] [           main] com.netflix.discovery.DiscoveryClient    : Discovery Client initialized at timestamp 1780944077863 with initial instances count: 0
2026-06-09T02:41:17.918+08:00  INFO 9544 --- [wms-discovery] [           main] c.n.eureka.DefaultEurekaServerContext    : Initializing ...
2026-06-09T02:41:17.920+08:00  INFO 9544 --- [wms-discovery] [           main] c.n.eureka.cluster.PeerEurekaNodes       : Adding new peer nodes [http://127.0.0.1:8761/eureka/]
2026-06-09T02:41:18.130+08:00  INFO 9544 --- [wms-discovery] [           main] c.n.d.provider.DiscoveryJerseyProvider   : Using JSON encoding codec LegacyJacksonJson
2026-06-09T02:41:18.131+08:00  INFO 9544 --- [wms-discovery] [           main] c.n.d.provider.DiscoveryJerseyProvider   : Using JSON decoding codec LegacyJacksonJson
2026-06-09T02:41:18.131+08:00  INFO 9544 --- [wms-discovery] [           main] c.n.d.provider.DiscoveryJerseyProvider   : Using XML encoding codec XStreamXml
2026-06-09T02:41:18.131+08:00  INFO 9544 --- [wms-discovery] [           main] c.n.d.provider.DiscoveryJerseyProvider   : Using XML decoding codec XStreamXml
2026-06-09T02:41:18.182+08:00  INFO 9544 --- [wms-discovery] [           main] c.n.eureka.cluster.PeerEurekaNodes       : Replica node URL:  http://127.0.0.1:8761/eureka/
2026-06-09T02:41:18.197+08:00  INFO 9544 --- [wms-discovery] [           main] c.n.e.registry.AbstractInstanceRegistry  : Finished initializing remote region registries. All known remote regions: []
2026-06-09T02:41:18.198+08:00  INFO 9544 --- [wms-discovery] [           main] c.n.eureka.DefaultEurekaServerContext    : Initialized
2026-06-09T02:41:18.209+08:00  INFO 9544 --- [wms-discovery] [           main] o.s.b.a.e.web.EndpointLinksResolver      : Exposing 1 endpoint beneath base path '/actuator'
2026-06-09T02:41:18.272+08:00  INFO 9544 --- [wms-discovery] [           main] o.s.c.n.e.s.EurekaServiceRegistry        : Registering application WMS-DISCOVERY with eureka with status UP
2026-06-09T02:41:18.290+08:00  INFO 9544 --- [wms-discovery] [      Thread-10] o.s.c.n.e.server.EurekaServerBootstrap   : isAws returned false
2026-06-09T02:41:18.291+08:00  INFO 9544 --- [wms-discovery] [      Thread-10] o.s.c.n.e.server.EurekaServerBootstrap   : Initialized server context
2026-06-09T02:41:18.292+08:00  INFO 9544 --- [wms-discovery] [      Thread-10] c.n.e.r.PeerAwareInstanceRegistryImpl    : Got 1 instances from neighboring DS node
2026-06-09T02:41:18.292+08:00  INFO 9544 --- [wms-discovery] [      Thread-10] c.n.e.r.PeerAwareInstanceRegistryImpl    : Renew threshold is: 1
2026-06-09T02:41:18.292+08:00  INFO 9544 --- [wms-discovery] [      Thread-10] c.n.e.r.PeerAwareInstanceRegistryImpl    : Changing status to UP
2026-06-09T02:41:18.295+08:00  INFO 9544 --- [wms-discovery] [      Thread-10] e.s.EurekaServerInitializerConfiguration : Started Eureka Server
2026-06-09T02:41:18.319+08:00  INFO 9544 --- [wms-discovery] [           main] o.s.b.w.embedded.tomcat.TomcatWebServer  : Tomcat started on port 8761 (http) with context path '/'
2026-06-09T02:41:18.321+08:00  INFO 9544 --- [wms-discovery] [           main] .s.c.n.e.s.EurekaAutoServiceRegistration : Updating port to 8761
2026-06-09T02:41:19.332+08:00  INFO 9544 --- [wms-discovery] [           main] o.s.cloud.commons.util.InetUtils         : Cannot determine local hostname
2026-06-09T02:41:19.353+08:00  INFO 9544 --- [wms-discovery] [           main] c.e.w.discovery.WmsDiscoveryApplication  : Started WmsDiscoveryApplication in 9.624 seconds (process running for 10.155)
2026-06-09T02:41:24.494+08:00  INFO 9544 --- [wms-discovery] [nio-8761-exec-1] o.a.c.c.C.[Tomcat].[localhost].[/]       : Initializing Spring DispatcherServlet 'dispatcherServlet'
2026-06-09T02:41:24.495+08:00  INFO 9544 --- [wms-discovery] [nio-8761-exec-1] o.s.web.servlet.DispatcherServlet        : Initializing Servlet 'dispatcherServlet'
2026-06-09T02:41:24.498+08:00  INFO 9544 --- [wms-discovery] [nio-8761-exec-1] o.s.web.servlet.DispatcherServlet        : Completed initialization in 1 ms
2026-06-09T02:41:24.884+08:00  INFO 9544 --- [wms-discovery] [nio-8761-exec-2] c.n.e.registry.AbstractInstanceRegistry  : Registered instance WMS-SYSTEM-SERVICE/localhost:wms-system-service:8082 with status UP (replication=false)
2026-06-09T02:41:25.827+08:00  INFO 9544 --- [wms-discovery] [nio-8761-exec-3] c.n.e.registry.AbstractInstanceRegistry  : Registered instance WMS-SYSTEM-SERVICE/localhost:wms-system-service:8082 with status UP (replication=true)
2026-06-09T02:41:28.076+08:00  INFO 9544 --- [wms-discovery] [nio-8761-exec-6] c.n.e.registry.AbstractInstanceRegistry  : Registered instance WMS-MASTERDATA-SERVICE/localhost:wms-masterdata-service:8083 with status UP (replication=false)
2026-06-09T02:41:28.597+08:00  INFO 9544 --- [wms-discovery] [nio-8761-exec-5] c.n.e.registry.AbstractInstanceRegistry  : Registered instance WMS-MASTERDATA-SERVICE/localhost:wms-masterdata-service:8083 with status UP (replication=true)
2026-06-09T02:41:34.932+08:00  INFO 9544 --- [wms-discovery] [nio-8761-exec-8] c.n.e.registry.AbstractInstanceRegistry  : Registered instance WMS-GATEWAY/localhost:wms-gateway:8080 with status UP (replication=false)
2026-06-09T02:41:35.464+08:00  INFO 9544 --- [wms-discovery] [io-8761-exec-10] c.n.e.registry.AbstractInstanceRegistry  : Registered instance WMS-GATEWAY/localhost:wms-gateway:8080 with status UP (replication=true)
2026-06-09T02:41:35.666+08:00  INFO 9544 --- [wms-discovery] [nio-8761-exec-1] c.n.e.registry.AbstractInstanceRegistry  : Registered instance WMS-BUSINESS-SERVICE/localhost:wms-business-service:8084 with status UP (replication=false)
2026-06-09T02:41:36.183+08:00  INFO 9544 --- [wms-discovery] [nio-8761-exec-2] c.n.e.registry.AbstractInstanceRegistry  : Registered instance WMS-BUSINESS-SERVICE/localhost:wms-business-service:8084 with status UP (replication=true)
2026-06-09T02:42:18.299+08:00  INFO 9544 --- [wms-discovery] [a-EvictionTimer] c.n.e.registry.AbstractInstanceRegistry  : Running the evict task with compensationTime 0ms
2026-06-09T02:43:18.299+08:00  INFO 9544 --- [wms-discovery] [a-EvictionTimer] c.n.e.registry.AbstractInstanceRegistry  : Running the evict task with compensationTime 0ms
2026-06-09T02:44:20.796+08:00  INFO 9544 --- [wms-discovery] [a-EvictionTimer] c.n.e.registry.AbstractInstanceRegistry  : Running the evict task with compensationTime 2639ms
2026-06-09T02:45:20.796+08:00  INFO 9544 --- [wms-discovery] [a-EvictionTimer] c.n.e.registry.AbstractInstanceRegistry  : Running the evict task with compensationTime 0ms
2026-06-09T02:46:20.807+08:00  INFO 9544 --- [wms-discovery] [a-EvictionTimer] c.n.e.registry.AbstractInstanceRegistry  : Running the evict task with compensationTime 10ms
2026-06-09T02:47:20.817+08:00  INFO 9544 --- [wms-discovery] [a-EvictionTimer] c.n.e.registry.AbstractInstanceRegistry  : Running the evict task with compensationTime 9ms
2026-06-09T02:48:20.826+08:00  INFO 9544 --- [wms-discovery] [a-EvictionTimer] c.n.e.registry.AbstractInstanceRegistry  : Running the evict task with compensationTime 9ms
2026-06-09T02:49:20.837+08:00  INFO 9544 --- [wms-discovery] [a-EvictionTimer] c.n.e.registry.AbstractInstanceRegistry  : Running the evict task with compensationTime 11ms
2026-06-09T02:50:20.847+08:00  INFO 9544 --- [wms-discovery] [a-EvictionTimer] c.n.e.registry.AbstractInstanceRegistry  : Running the evict task with compensationTime 9ms
2026-06-09T02:51:20.850+08:00  INFO 9544 --- [wms-discovery] [a-EvictionTimer] c.n.e.registry.AbstractInstanceRegistry  : Running the evict task with compensationTime 2ms
2026-06-09T02:52:20.857+08:00  INFO 9544 --- [wms-discovery] [a-EvictionTimer] c.n.e.registry.AbstractInstanceRegistry  : Running the evict task with compensationTime 7ms
2026-06-09T02:53:20.867+08:00  INFO 9544 --- [wms-discovery] [a-EvictionTimer] c.n.e.registry.AbstractInstanceRegistry  : Running the evict task with compensationTime 9ms
2026-06-09T02:54:20.876+08:00  INFO 9544 --- [wms-discovery] [a-EvictionTimer] c.n.e.registry.AbstractInstanceRegistry  : Running the evict task with compensationTime 9ms
2026-06-09T02:55:20.881+08:00  INFO 9544 --- [wms-discovery] [a-EvictionTimer] c.n.e.registry.AbstractInstanceRegistry  : Running the evict task with compensationTime 5ms
2026-06-09T02:56:20.703+08:00  INFO 9544 --- [wms-discovery] [hresholdUpdater] c.n.e.r.PeerAwareInstanceRegistryImpl    : Current renewal threshold is : 0
2026-06-09T02:56:20.883+08:00  INFO 9544 --- [wms-discovery] [a-EvictionTimer] c.n.e.registry.AbstractInstanceRegistry  : Running the evict task with compensationTime 0ms
2026-06-09T02:57:20.887+08:00  INFO 9544 --- [wms-discovery] [a-EvictionTimer] c.n.e.registry.AbstractInstanceRegistry  : Running the evict task with compensationTime 3ms
2026-06-09T02:58:20.902+08:00  INFO 9544 --- [wms-discovery] [a-EvictionTimer] c.n.e.registry.AbstractInstanceRegistry  : Running the evict task with compensationTime 15ms
2026-06-09T02:59:20.904+08:00  INFO 9544 --- [wms-discovery] [a-EvictionTimer] c.n.e.registry.AbstractInstanceRegistry  : Running the evict task with compensationTime 2ms
2026-06-09T03:00:20.914+08:00  INFO 9544 --- [wms-discovery] [a-EvictionTimer] c.n.e.registry.AbstractInstanceRegistry  : Running the evict task with compensationTime 10ms
2026-06-09T03:01:20.929+08:00  INFO 9544 --- [wms-discovery] [a-EvictionTimer] c.n.e.registry.AbstractInstanceRegistry  : Running the evict task with compensationTime 13ms
2026-06-09T03:02:20.937+08:00  INFO 9544 --- [wms-discovery] [a-EvictionTimer] c.n.e.registry.AbstractInstanceRegistry  : Running the evict task with compensationTime 8ms
2026-06-09T03:03:20.943+08:00  INFO 9544 --- [wms-discovery] [a-EvictionTimer] c.n.e.registry.AbstractInstanceRegistry  : Running the evict task with compensationTime 6ms
2026-06-09T03:04:20.949+08:00  INFO 9544 --- [wms-discovery] [a-EvictionTimer] c.n.e.registry.AbstractInstanceRegistry  : Running the evict task with compensationTime 5ms
2026-06-09T03:05:20.958+08:00  INFO 9544 --- [wms-discovery] [a-EvictionTimer] c.n.e.registry.AbstractInstanceRegistry  : Running the evict task with compensationTime 9ms
2026-06-09T03:06:20.959+08:00  INFO 9544 --- [wms-discovery] [a-EvictionTimer] c.n.e.registry.AbstractInstanceRegistry  : Running the evict task with compensationTime 1ms
2026-06-09T03:07:20.971+08:00  INFO 9544 --- [wms-discovery] [a-EvictionTimer] c.n.e.registry.AbstractInstanceRegistry  : Running the evict task with compensationTime 11ms
2026-06-09T03:08:20.984+08:00  INFO 9544 --- [wms-discovery] [a-EvictionTimer] c.n.e.registry.AbstractInstanceRegistry  : Running the evict task with compensationTime 12ms
2026-06-09T03:09:20.990+08:00  INFO 9544 --- [wms-discovery] [a-EvictionTimer] c.n.e.registry.AbstractInstanceRegistry  : Running the evict task with compensationTime 6ms
2026-06-09T03:10:20.997+08:00  INFO 9544 --- [wms-discovery] [a-EvictionTimer] c.n.e.registry.AbstractInstanceRegistry  : Running the evict task with compensationTime 7ms
2026-06-09T03:11:20.706+08:00  INFO 9544 --- [wms-discovery] [hresholdUpdater] c.n.e.r.PeerAwareInstanceRegistryImpl    : Current renewal threshold is : 0
2026-06-09T03:11:21.009+08:00  INFO 9544 --- [wms-discovery] [a-EvictionTimer] c.n.e.registry.AbstractInstanceRegistry  : Running the evict task with compensationTime 12ms
2026-06-09T03:12:21.028+08:00  INFO 9544 --- [wms-discovery] [a-EvictionTimer] c.n.e.registry.AbstractInstanceRegistry  : Running the evict task with compensationTime 19ms
2026-06-09T03:13:21.029+08:00  INFO 9544 --- [wms-discovery] [a-EvictionTimer] c.n.e.registry.AbstractInstanceRegistry  : Running the evict task with compensationTime 0ms
2026-06-09T03:14:21.032+08:00  INFO 9544 --- [wms-discovery] [a-EvictionTimer] c.n.e.registry.AbstractInstanceRegistry  : Running the evict task with compensationTime 2ms
2026-06-09T03:15:21.042+08:00  INFO 9544 --- [wms-discovery] [a-EvictionTimer] c.n.e.registry.AbstractInstanceRegistry  : Running the evict task with compensationTime 10ms
2026-06-09T03:16:21.052+08:00  INFO 9544 --- [wms-discovery] [a-EvictionTimer] c.n.e.registry.AbstractInstanceRegistry  : Running the evict task with compensationTime 10ms
2026-06-09T03:17:21.056+08:00  INFO 9544 --- [wms-discovery] [a-EvictionTimer] c.n.e.registry.AbstractInstanceRegistry  : Running the evict task with compensationTime 5ms
2026-06-09T03:18:21.061+08:00  INFO 9544 --- [wms-discovery] [a-EvictionTimer] c.n.e.registry.AbstractInstanceRegistry  : Running the evict task with compensationTime 6ms
2026-06-09T03:19:21.070+08:00  INFO 9544 --- [wms-discovery] [a-EvictionTimer] c.n.e.registry.AbstractInstanceRegistry  : Running the evict task with compensationTime 9ms
2026-06-09T03:20:21.078+08:00  INFO 9544 --- [wms-discovery] [a-EvictionTimer] c.n.e.registry.AbstractInstanceRegistry  : Running the evict task with compensationTime 9ms
2026-06-09T03:21:21.082+08:00  INFO 9544 --- [wms-discovery] [a-EvictionTimer] c.n.e.registry.AbstractInstanceRegistry  : Running the evict task with compensationTime 4ms
2026-06-09T03:22:21.087+08:00  INFO 9544 --- [wms-discovery] [a-EvictionTimer] c.n.e.registry.AbstractInstanceRegistry  : Running the evict task with compensationTime 5ms
2026-06-09T03:23:21.096+08:00  INFO 9544 --- [wms-discovery] [a-EvictionTimer] c.n.e.registry.AbstractInstanceRegistry  : Running the evict task with compensationTime 10ms
2026-06-09T03:24:21.108+08:00  INFO 9544 --- [wms-discovery] [a-EvictionTimer] c.n.e.registry.AbstractInstanceRegistry  : Running the evict task with compensationTime 12ms
2026-06-09T03:25:21.108+08:00  INFO 9544 --- [wms-discovery] [a-EvictionTimer] c.n.e.registry.AbstractInstanceRegistry  : Running the evict task with compensationTime 0ms
2026-06-09T03:26:20.708+08:00  INFO 9544 --- [wms-discovery] [hresholdUpdater] c.n.e.r.PeerAwareInstanceRegistryImpl    : Current renewal threshold is : 0
2026-06-09T03:26:21.112+08:00  INFO 9544 --- [wms-discovery] [a-EvictionTimer] c.n.e.registry.AbstractInstanceRegistry  : Running the evict task with compensationTime 5ms
2026-06-09T03:27:21.118+08:00  INFO 9544 --- [wms-discovery] [a-EvictionTimer] c.n.e.registry.AbstractInstanceRegistry  : Running the evict task with compensationTime 6ms
2026-06-09T03:28:21.131+08:00  INFO 9544 --- [wms-discovery] [a-EvictionTimer] c.n.e.registry.AbstractInstanceRegistry  : Running the evict task with compensationTime 13ms
2026-06-09T03:29:21.141+08:00  INFO 9544 --- [wms-discovery] [a-EvictionTimer] c.n.e.registry.AbstractInstanceRegistry  : Running the evict task with compensationTime 10ms
2026-06-09T03:30:21.144+08:00  INFO 9544 --- [wms-discovery] [a-EvictionTimer] c.n.e.registry.AbstractInstanceRegistry  : Running the evict task with compensationTime 4ms
2026-06-09T03:31:21.147+08:00  INFO 9544 --- [wms-discovery] [a-EvictionTimer] c.n.e.registry.AbstractInstanceRegistry  : Running the evict task with compensationTime 4ms
2026-06-09T03:32:21.153+08:00  INFO 9544 --- [wms-discovery] [a-EvictionTimer] c.n.e.registry.AbstractInstanceRegistry  : Running the evict task with compensationTime 5ms
2026-06-09T03:33:21.166+08:00  INFO 9544 --- [wms-discovery] [a-EvictionTimer] c.n.e.registry.AbstractInstanceRegistry  : Running the evict task with compensationTime 14ms
2026-06-09T03:34:21.170+08:00  INFO 9544 --- [wms-discovery] [a-EvictionTimer] c.n.e.registry.AbstractInstanceRegistry  : Running the evict task with compensationTime 4ms
2026-06-09T03:35:21.184+08:00  INFO 9544 --- [wms-discovery] [a-EvictionTimer] c.n.e.registry.AbstractInstanceRegistry  : Running the evict task with compensationTime 15ms
2026-06-09T03:36:21.187+08:00  INFO 9544 --- [wms-discovery] [a-EvictionTimer] c.n.e.registry.AbstractInstanceRegistry  : Running the evict task with compensationTime 1ms
2026-06-09T03:37:21.191+08:00  INFO 9544 --- [wms-discovery] [a-EvictionTimer] c.n.e.registry.AbstractInstanceRegistry  : Running the evict task with compensationTime 4ms
2026-06-09T03:38:21.194+08:00  INFO 9544 --- [wms-discovery] [a-EvictionTimer] c.n.e.registry.AbstractInstanceRegistry  : Running the evict task with compensationTime 5ms
2026-06-09T03:39:21.194+08:00  INFO 9544 --- [wms-discovery] [a-EvictionTimer] c.n.e.registry.AbstractInstanceRegistry  : Running the evict task with compensationTime 0ms
2026-06-09T03:40:21.201+08:00  INFO 9544 --- [wms-discovery] [a-EvictionTimer] c.n.e.registry.AbstractInstanceRegistry  : Running the evict task with compensationTime 7ms
2026-06-09T03:41:20.720+08:00  INFO 9544 --- [wms-discovery] [hresholdUpdater] c.n.e.r.PeerAwareInstanceRegistryImpl    : Current renewal threshold is : 0
2026-06-09T03:41:21.219+08:00  INFO 9544 --- [wms-discovery] [a-EvictionTimer] c.n.e.registry.AbstractInstanceRegistry  : Running the evict task with compensationTime 17ms
2026-06-09T03:42:21.230+08:00  INFO 9544 --- [wms-discovery] [a-EvictionTimer] c.n.e.registry.AbstractInstanceRegistry  : Running the evict task with compensationTime 13ms
2026-06-09T03:43:21.245+08:00  INFO 9544 --- [wms-discovery] [a-EvictionTimer] c.n.e.registry.AbstractInstanceRegistry  : Running the evict task with compensationTime 14ms
2026-06-09T03:44:21.256+08:00  INFO 9544 --- [wms-discovery] [a-EvictionTimer] c.n.e.registry.AbstractInstanceRegistry  : Running the evict task with compensationTime 12ms
2026-06-09T03:45:21.258+08:00  INFO 9544 --- [wms-discovery] [a-EvictionTimer] c.n.e.registry.AbstractInstanceRegistry  : Running the evict task with compensationTime 2ms
2026-06-09T03:46:21.262+08:00  INFO 9544 --- [wms-discovery] [a-EvictionTimer] c.n.e.registry.AbstractInstanceRegistry  : Running the evict task with compensationTime 5ms
2026-06-09T03:47:21.265+08:00  INFO 9544 --- [wms-discovery] [a-EvictionTimer] c.n.e.registry.AbstractInstanceRegistry  : Running the evict task with compensationTime 3ms
2026-06-09T03:48:21.276+08:00  INFO 9544 --- [wms-discovery] [a-EvictionTimer] c.n.e.registry.AbstractInstanceRegistry  : Running the evict task with compensationTime 10ms
2026-06-09T03:49:21.285+08:00  INFO 9544 --- [wms-discovery] [a-EvictionTimer] c.n.e.registry.AbstractInstanceRegistry  : Running the evict task with compensationTime 9ms
2026-06-09T03:50:21.290+08:00  INFO 9544 --- [wms-discovery] [a-EvictionTimer] c.n.e.registry.AbstractInstanceRegistry  : Running the evict task with compensationTime 5ms
2026-06-09T03:51:21.297+08:00  INFO 9544 --- [wms-discovery] [a-EvictionTimer] c.n.e.registry.AbstractInstanceRegistry  : Running the evict task with compensationTime 6ms
2026-06-09T03:52:21.302+08:00  INFO 9544 --- [wms-discovery] [a-EvictionTimer] c.n.e.registry.AbstractInstanceRegistry  : Running the evict task with compensationTime 6ms
2026-06-09T03:53:21.308+08:00  INFO 9544 --- [wms-discovery] [a-EvictionTimer] c.n.e.registry.AbstractInstanceRegistry  : Running the evict task with compensationTime 6ms
2026-06-09T03:54:21.318+08:00  INFO 9544 --- [wms-discovery] [a-EvictionTimer] c.n.e.registry.AbstractInstanceRegistry  : Running the evict task with compensationTime 9ms
2026-06-09T03:55:21.323+08:00  INFO 9544 --- [wms-discovery] [a-EvictionTimer] c.n.e.registry.AbstractInstanceRegistry  : Running the evict task with compensationTime 6ms
2026-06-09T03:56:20.728+08:00  INFO 9544 --- [wms-discovery] [hresholdUpdater] c.n.e.r.PeerAwareInstanceRegistryImpl    : Current renewal threshold is : 0
2026-06-09T03:56:21.331+08:00  INFO 9544 --- [wms-discovery] [a-EvictionTimer] c.n.e.registry.AbstractInstanceRegistry  : Running the evict task with compensationTime 7ms
2026-06-09T03:57:21.331+08:00  INFO 9544 --- [wms-discovery] [a-EvictionTimer] c.n.e.registry.AbstractInstanceRegistry  : Running the evict task with compensationTime 0ms
2026-06-09T03:58:21.331+08:00  INFO 9544 --- [wms-discovery] [a-EvictionTimer] c.n.e.registry.AbstractInstanceRegistry  : Running the evict task with compensationTime 0ms
2026-06-09T03:59:21.340+08:00  INFO 9544 --- [wms-discovery] [a-EvictionTimer] c.n.e.registry.AbstractInstanceRegistry  : Running the evict task with compensationTime 10ms
2026-06-09T04:00:21.350+08:00  INFO 9544 --- [wms-discovery] [a-EvictionTimer] c.n.e.registry.AbstractInstanceRegistry  : Running the evict task with compensationTime 10ms
2026-06-09T04:01:21.363+08:00  INFO 9544 --- [wms-discovery] [a-EvictionTimer] c.n.e.registry.AbstractInstanceRegistry  : Running the evict task with compensationTime 13ms
2026-06-09T04:02:21.369+08:00  INFO 9544 --- [wms-discovery] [a-EvictionTimer] c.n.e.registry.AbstractInstanceRegistry  : Running the evict task with compensationTime 5ms
2026-06-09T04:03:21.387+08:00  INFO 9544 --- [wms-discovery] [a-EvictionTimer] c.n.e.registry.AbstractInstanceRegistry  : Running the evict task with compensationTime 19ms
2026-06-09T04:04:21.394+08:00  INFO 9544 --- [wms-discovery] [a-EvictionTimer] c.n.e.registry.AbstractInstanceRegistry  : Running the evict task with compensationTime 6ms
2026-06-09T04:05:21.408+08:00  INFO 9544 --- [wms-discovery] [a-EvictionTimer] c.n.e.registry.AbstractInstanceRegistry  : Running the evict task with compensationTime 13ms
2026-06-09T04:06:21.408+08:00  INFO 9544 --- [wms-discovery] [a-EvictionTimer] c.n.e.registry.AbstractInstanceRegistry  : Running the evict task with compensationTime 1ms
2026-06-09T04:07:21.410+08:00  INFO 9544 --- [wms-discovery] [a-EvictionTimer] c.n.e.registry.AbstractInstanceRegistry  : Running the evict task with compensationTime 2ms
2026-06-09T04:08:21.415+08:00  INFO 9544 --- [wms-discovery] [a-EvictionTimer] c.n.e.registry.AbstractInstanceRegistry  : Running the evict task with compensationTime 4ms
2026-06-09T04:09:21.425+08:00  INFO 9544 --- [wms-discovery] [a-EvictionTimer] c.n.e.registry.AbstractInstanceRegistry  : Running the evict task with compensationTime 10ms
2026-06-09T04:10:21.434+08:00  INFO 9544 --- [wms-discovery] [a-EvictionTimer] c.n.e.registry.AbstractInstanceRegistry  : Running the evict task with compensationTime 9ms
2026-06-09T04:11:20.729+08:00  INFO 9544 --- [wms-discovery] [hresholdUpdater] c.n.e.r.PeerAwareInstanceRegistryImpl    : Current renewal threshold is : 0
2026-06-09T04:11:21.440+08:00  INFO 9544 --- [wms-discovery] [a-EvictionTimer] c.n.e.registry.AbstractInstanceRegistry  : Running the evict task with compensationTime 6ms
2026-06-09T04:12:21.451+08:00  INFO 9544 --- [wms-discovery] [a-EvictionTimer] c.n.e.registry.AbstractInstanceRegistry  : Running the evict task with compensationTime 10ms
2026-06-09T04:13:21.461+08:00  INFO 9544 --- [wms-discovery] [a-EvictionTimer] c.n.e.registry.AbstractInstanceRegistry  : Running the evict task with compensationTime 10ms
2026-06-09T04:14:21.470+08:00  INFO 9544 --- [wms-discovery] [a-EvictionTimer] c.n.e.registry.AbstractInstanceRegistry  : Running the evict task with compensationTime 9ms
2026-06-09T04:15:21.474+08:00  INFO 9544 --- [wms-discovery] [a-EvictionTimer] c.n.e.registry.AbstractInstanceRegistry  : Running the evict task with compensationTime 4ms
2026-06-09T04:16:21.490+08:00  INFO 9544 --- [wms-discovery] [a-EvictionTimer] c.n.e.registry.AbstractInstanceRegistry  : Running the evict task with compensationTime 16ms
2026-06-09T04:17:21.492+08:00  INFO 9544 --- [wms-discovery] [a-EvictionTimer] c.n.e.registry.AbstractInstanceRegistry  : Running the evict task with compensationTime 2ms
2026-06-09T04:18:21.502+08:00  INFO 9544 --- [wms-discovery] [a-EvictionTimer] c.n.e.registry.AbstractInstanceRegistry  : Running the evict task with compensationTime 9ms
2026-06-09T04:19:21.508+08:00  INFO 9544 --- [wms-discovery] [a-EvictionTimer] c.n.e.registry.AbstractInstanceRegistry  : Running the evict task with compensationTime 6ms
2026-06-09T04:20:21.513+08:00  INFO 9544 --- [wms-discovery] [a-EvictionTimer] c.n.e.registry.AbstractInstanceRegistry  : Running the evict task with compensationTime 6ms
2026-06-09T04:21:21.514+08:00  INFO 9544 --- [wms-discovery] [a-EvictionTimer] c.n.e.registry.AbstractInstanceRegistry  : Running the evict task with compensationTime 1ms
2026-06-09T04:22:21.516+08:00  INFO 9544 --- [wms-discovery] [a-EvictionTimer] c.n.e.registry.AbstractInstanceRegistry  : Running the evict task with compensationTime 2ms
2026-06-09T04:23:21.527+08:00  INFO 9544 --- [wms-discovery] [a-EvictionTimer] c.n.e.registry.AbstractInstanceRegistry  : Running the evict task with compensationTime 10ms
2026-06-09T04:24:21.537+08:00  INFO 9544 --- [wms-discovery] [a-EvictionTimer] c.n.e.registry.AbstractInstanceRegistry  : Running the evict task with compensationTime 10ms
2026-06-09T04:25:21.552+08:00  INFO 9544 --- [wms-discovery] [a-EvictionTimer] c.n.e.registry.AbstractInstanceRegistry  : Running the evict task with compensationTime 15ms
2026-06-09T04:26:20.729+08:00  INFO 9544 --- [wms-discovery] [hresholdUpdater] c.n.e.r.PeerAwareInstanceRegistryImpl    : Current renewal threshold is : 0
2026-06-09T04:26:21.563+08:00  INFO 9544 --- [wms-discovery] [a-EvictionTimer] c.n.e.registry.AbstractInstanceRegistry  : Running the evict task with compensationTime 11ms
2026-06-09T04:27:21.569+08:00  INFO 9544 --- [wms-discovery] [a-EvictionTimer] c.n.e.registry.AbstractInstanceRegistry  : Running the evict task with compensationTime 5ms
2026-06-09T04:28:21.576+08:00  INFO 9544 --- [wms-discovery] [a-EvictionTimer] c.n.e.registry.AbstractInstanceRegistry  : Running the evict task with compensationTime 7ms
2026-06-09T04:29:21.580+08:00  INFO 9544 --- [wms-discovery] [a-EvictionTimer] c.n.e.registry.AbstractInstanceRegistry  : Running the evict task with compensationTime 3ms
2026-06-09T04:30:21.585+08:00  INFO 9544 --- [wms-discovery] [a-EvictionTimer] c.n.e.registry.AbstractInstanceRegistry  : Running the evict task with compensationTime 6ms
2026-06-09T04:31:21.591+08:00  INFO 9544 --- [wms-discovery] [a-EvictionTimer] c.n.e.registry.AbstractInstanceRegistry  : Running the evict task with compensationTime 5ms
2026-06-09T04:32:21.597+08:00  INFO 9544 --- [wms-discovery] [a-EvictionTimer] c.n.e.registry.AbstractInstanceRegistry  : Running the evict task with compensationTime 6ms
2026-06-09T04:33:21.611+08:00  INFO 9544 --- [wms-discovery] [a-EvictionTimer] c.n.e.registry.AbstractInstanceRegistry  : Running the evict task with compensationTime 13ms
2026-06-09T04:34:21.614+08:00  INFO 9544 --- [wms-discovery] [a-EvictionTimer] c.n.e.registry.AbstractInstanceRegistry  : Running the evict task with compensationTime 3ms
2026-06-09T04:35:21.623+08:00  INFO 9544 --- [wms-discovery] [a-EvictionTimer] c.n.e.registry.AbstractInstanceRegistry  : Running the evict task with compensationTime 8ms
2026-06-09T04:36:21.626+08:00  INFO 9544 --- [wms-discovery] [a-EvictionTimer] c.n.e.registry.AbstractInstanceRegistry  : Running the evict task with compensationTime 4ms
2026-06-09T04:37:21.636+08:00  INFO 9544 --- [wms-discovery] [a-EvictionTimer] c.n.e.registry.AbstractInstanceRegistry  : Running the evict task with compensationTime 10ms
2026-06-09T04:38:21.649+08:00  INFO 9544 --- [wms-discovery] [a-EvictionTimer] c.n.e.registry.AbstractInstanceRegistry  : Running the evict task with compensationTime 12ms
2026-06-09T04:39:21.651+08:00  INFO 9544 --- [wms-discovery] [a-EvictionTimer] c.n.e.registry.AbstractInstanceRegistry  : Running the evict task with compensationTime 2ms
2026-06-09T04:40:21.659+08:00  INFO 9544 --- [wms-discovery] [a-EvictionTimer] c.n.e.registry.AbstractInstanceRegistry  : Running the evict task with compensationTime 8ms
2026-06-09T04:41:20.740+08:00  INFO 9544 --- [wms-discovery] [hresholdUpdater] c.n.e.r.PeerAwareInstanceRegistryImpl    : Current renewal threshold is : 0
2026-06-09T04:41:21.665+08:00  INFO 9544 --- [wms-discovery] [a-EvictionTimer] c.n.e.registry.AbstractInstanceRegistry  : Running the evict task with compensationTime 5ms
2026-06-09T04:42:21.673+08:00  INFO 9544 --- [wms-discovery] [a-EvictionTimer] c.n.e.registry.AbstractInstanceRegistry  : Running the evict task with compensationTime 8ms
2026-06-09T04:43:21.675+08:00  INFO 9544 --- [wms-discovery] [a-EvictionTimer] c.n.e.registry.AbstractInstanceRegistry  : Running the evict task with compensationTime 2ms
2026-06-09T04:44:21.682+08:00  INFO 9544 --- [wms-discovery] [a-EvictionTimer] c.n.e.registry.AbstractInstanceRegistry  : Running the evict task with compensationTime 6ms
2026-06-09T04:45:21.682+08:00  INFO 9544 --- [wms-discovery] [a-EvictionTimer] c.n.e.registry.AbstractInstanceRegistry  : Running the evict task with compensationTime 0ms
2026-06-09T04:46:21.685+08:00  INFO 9544 --- [wms-discovery] [a-EvictionTimer] c.n.e.registry.AbstractInstanceRegistry  : Running the evict task with compensationTime 1ms
2026-06-09T04:47:21.686+08:00  INFO 9544 --- [wms-discovery] [a-EvictionTimer] c.n.e.registry.AbstractInstanceRegistry  : Running the evict task with compensationTime 2ms
2026-06-09T04:48:21.690+08:00  INFO 9544 --- [wms-discovery] [a-EvictionTimer] c.n.e.registry.AbstractInstanceRegistry  : Running the evict task with compensationTime 3ms
2026-06-09T04:49:21.696+08:00  INFO 9544 --- [wms-discovery] [a-EvictionTimer] c.n.e.registry.AbstractInstanceRegistry  : Running the evict task with compensationTime 7ms
2026-06-09T04:50:21.707+08:00  INFO 9544 --- [wms-discovery] [a-EvictionTimer] c.n.e.registry.AbstractInstanceRegistry  : Running the evict task with compensationTime 9ms
2026-06-09T04:51:21.719+08:00  INFO 9544 --- [wms-discovery] [a-EvictionTimer] c.n.e.registry.AbstractInstanceRegistry  : Running the evict task with compensationTime 11ms
2026-06-09T04:52:21.724+08:00  INFO 9544 --- [wms-discovery] [a-EvictionTimer] c.n.e.registry.AbstractInstanceRegistry  : Running the evict task with compensationTime 6ms
2026-06-09T04:53:21.737+08:00  INFO 9544 --- [wms-discovery] [a-EvictionTimer] c.n.e.registry.AbstractInstanceRegistry  : Running the evict task with compensationTime 12ms
2026-06-09T04:54:21.745+08:00  INFO 9544 --- [wms-discovery] [a-EvictionTimer] c.n.e.registry.AbstractInstanceRegistry  : Running the evict task with compensationTime 8ms
2026-06-09T04:55:21.756+08:00  INFO 9544 --- [wms-discovery] [a-EvictionTimer] c.n.e.registry.AbstractInstanceRegistry  : Running the evict task with compensationTime 10ms
2026-06-09T04:56:20.750+08:00  INFO 9544 --- [wms-discovery] [hresholdUpdater] c.n.e.r.PeerAwareInstanceRegistryImpl    : Current renewal threshold is : 0
2026-06-09T04:56:21.766+08:00  INFO 9544 --- [wms-discovery] [a-EvictionTimer] c.n.e.registry.AbstractInstanceRegistry  : Running the evict task with compensationTime 9ms
2026-06-09T04:57:21.769+08:00  INFO 9544 --- [wms-discovery] [a-EvictionTimer] c.n.e.registry.AbstractInstanceRegistry  : Running the evict task with compensationTime 4ms
2026-06-09T04:58:21.771+08:00  INFO 9544 --- [wms-discovery] [a-EvictionTimer] c.n.e.registry.AbstractInstanceRegistry  : Running the evict task with compensationTime 1ms
2026-06-09T04:59:21.782+08:00  INFO 9544 --- [wms-discovery] [a-EvictionTimer] c.n.e.registry.AbstractInstanceRegistry  : Running the evict task with compensationTime 11ms
2026-06-09T05:00:21.794+08:00  INFO 9544 --- [wms-discovery] [a-EvictionTimer] c.n.e.registry.AbstractInstanceRegistry  : Running the evict task with compensationTime 11ms
2026-06-09T05:01:21.806+08:00  INFO 9544 --- [wms-discovery] [a-EvictionTimer] c.n.e.registry.AbstractInstanceRegistry  : Running the evict task with compensationTime 10ms
2026-06-09T05:02:21.816+08:00  INFO 9544 --- [wms-discovery] [a-EvictionTimer] c.n.e.registry.AbstractInstanceRegistry  : Running the evict task with compensationTime 10ms
2026-06-09T05:03:21.819+08:00  INFO 9544 --- [wms-discovery] [a-EvictionTimer] c.n.e.registry.AbstractInstanceRegistry  : Running the evict task with compensationTime 3ms
2026-06-09T05:04:21.831+08:00  INFO 9544 --- [wms-discovery] [a-EvictionTimer] c.n.e.registry.AbstractInstanceRegistry  : Running the evict task with compensationTime 12ms
2026-06-09T05:05:21.843+08:00  INFO 9544 --- [wms-discovery] [a-EvictionTimer] c.n.e.registry.AbstractInstanceRegistry  : Running the evict task with compensationTime 11ms
2026-06-09T05:06:21.852+08:00  INFO 9544 --- [wms-discovery] [a-EvictionTimer] c.n.e.registry.AbstractInstanceRegistry  : Running the evict task with compensationTime 9ms
2026-06-09T05:07:21.854+08:00  INFO 9544 --- [wms-discovery] [a-EvictionTimer] c.n.e.registry.AbstractInstanceRegistry  : Running the evict task with compensationTime 2ms
2026-06-09T05:08:21.859+08:00  INFO 9544 --- [wms-discovery] [a-EvictionTimer] c.n.e.registry.AbstractInstanceRegistry  : Running the evict task with compensationTime 5ms
2026-06-09T05:09:21.873+08:00  INFO 9544 --- [wms-discovery] [a-EvictionTimer] c.n.e.registry.AbstractInstanceRegistry  : Running the evict task with compensationTime 12ms
2026-06-09T05:10:21.874+08:00  INFO 9544 --- [wms-discovery] [a-EvictionTimer] c.n.e.registry.AbstractInstanceRegistry  : Running the evict task with compensationTime 1ms
2026-06-09T05:11:20.753+08:00  INFO 9544 --- [wms-discovery] [hresholdUpdater] c.n.e.r.PeerAwareInstanceRegistryImpl    : Current renewal threshold is : 0
2026-06-09T05:11:21.882+08:00  INFO 9544 --- [wms-discovery] [a-EvictionTimer] c.n.e.registry.AbstractInstanceRegistry  : Running the evict task with compensationTime 7ms
2026-06-09T05:12:21.883+08:00  INFO 9544 --- [wms-discovery] [a-EvictionTimer] c.n.e.registry.AbstractInstanceRegistry  : Running the evict task with compensationTime 1ms
2026-06-09T05:13:21.887+08:00  INFO 9544 --- [wms-discovery] [a-EvictionTimer] c.n.e.registry.AbstractInstanceRegistry  : Running the evict task with compensationTime 4ms
2026-06-09T05:14:21.900+08:00  INFO 9544 --- [wms-discovery] [a-EvictionTimer] c.n.e.registry.AbstractInstanceRegistry  : Running the evict task with compensationTime 12ms
2026-06-09T05:15:21.908+08:00  INFO 9544 --- [wms-discovery] [a-EvictionTimer] c.n.e.registry.AbstractInstanceRegistry  : Running the evict task with compensationTime 8ms
2026-06-09T05:16:21.913+08:00  INFO 9544 --- [wms-discovery] [a-EvictionTimer] c.n.e.registry.AbstractInstanceRegistry  : Running the evict task with compensationTime 5ms
2026-06-09T05:17:21.925+08:00  INFO 9544 --- [wms-discovery] [a-EvictionTimer] c.n.e.registry.AbstractInstanceRegistry  : Running the evict task with compensationTime 11ms
2026-06-09T05:18:21.939+08:00  INFO 9544 --- [wms-discovery] [a-EvictionTimer] c.n.e.registry.AbstractInstanceRegistry  : Running the evict task with compensationTime 14ms
2026-06-09T05:19:21.942+08:00  INFO 9544 --- [wms-discovery] [a-EvictionTimer] c.n.e.registry.AbstractInstanceRegistry  : Running the evict task with compensationTime 3ms
2026-06-09T05:20:21.952+08:00  INFO 9544 --- [wms-discovery] [a-EvictionTimer] c.n.e.registry.AbstractInstanceRegistry  : Running the evict task with compensationTime 9ms
2026-06-09T05:21:21.959+08:00  INFO 9544 --- [wms-discovery] [a-EvictionTimer] c.n.e.registry.AbstractInstanceRegistry  : Running the evict task with compensationTime 6ms
2026-06-09T05:22:21.972+08:00  INFO 9544 --- [wms-discovery] [a-EvictionTimer] c.n.e.registry.AbstractInstanceRegistry  : Running the evict task with compensationTime 13ms
2026-06-09T05:23:21.977+08:00  INFO 9544 --- [wms-discovery] [a-EvictionTimer] c.n.e.registry.AbstractInstanceRegistry  : Running the evict task with compensationTime 5ms
2026-06-09T05:24:21.987+08:00  INFO 9544 --- [wms-discovery] [a-EvictionTimer] c.n.e.registry.AbstractInstanceRegistry  : Running the evict task with compensationTime 9ms
2026-06-09T05:25:22.002+08:00  INFO 9544 --- [wms-discovery] [a-EvictionTimer] c.n.e.registry.AbstractInstanceRegistry  : Running the evict task with compensationTime 14ms
2026-06-09T05:26:20.754+08:00  INFO 9544 --- [wms-discovery] [hresholdUpdater] c.n.e.r.PeerAwareInstanceRegistryImpl    : Current renewal threshold is : 0
2026-06-09T05:26:22.006+08:00  INFO 9544 --- [wms-discovery] [a-EvictionTimer] c.n.e.registry.AbstractInstanceRegistry  : Running the evict task with compensationTime 4ms
2026-06-09T05:27:22.007+08:00  INFO 9544 --- [wms-discovery] [a-EvictionTimer] c.n.e.registry.AbstractInstanceRegistry  : Running the evict task with compensationTime 0ms
2026-06-09T05:28:22.022+08:00  INFO 9544 --- [wms-discovery] [a-EvictionTimer] c.n.e.registry.AbstractInstanceRegistry  : Running the evict task with compensationTime 15ms
2026-06-09T05:29:22.029+08:00  INFO 9544 --- [wms-discovery] [a-EvictionTimer] c.n.e.registry.AbstractInstanceRegistry  : Running the evict task with compensationTime 7ms
2026-06-09T05:30:22.033+08:00  INFO 9544 --- [wms-discovery] [a-EvictionTimer] c.n.e.registry.AbstractInstanceRegistry  : Running the evict task with compensationTime 5ms
2026-06-09T05:31:22.037+08:00  INFO 9544 --- [wms-discovery] [a-EvictionTimer] c.n.e.registry.AbstractInstanceRegistry  : Running the evict task with compensationTime 1ms
2026-06-09T05:32:22.037+08:00  INFO 9544 --- [wms-discovery] [a-EvictionTimer] c.n.e.registry.AbstractInstanceRegistry  : Running the evict task with compensationTime 0ms
2026-06-09T05:33:22.041+08:00  INFO 9544 --- [wms-discovery] [a-EvictionTimer] c.n.e.registry.AbstractInstanceRegistry  : Running the evict task with compensationTime 4ms
2026-06-09T05:34:22.049+08:00  INFO 9544 --- [wms-discovery] [a-EvictionTimer] c.n.e.registry.AbstractInstanceRegistry  : Running the evict task with compensationTime 7ms
2026-06-09T05:35:22.061+08:00  INFO 9544 --- [wms-discovery] [a-EvictionTimer] c.n.e.registry.AbstractInstanceRegistry  : Running the evict task with compensationTime 11ms
2026-06-09T05:36:22.065+08:00  INFO 9544 --- [wms-discovery] [a-EvictionTimer] c.n.e.registry.AbstractInstanceRegistry  : Running the evict task with compensationTime 3ms
2026-06-09T05:37:22.070+08:00  INFO 9544 --- [wms-discovery] [a-EvictionTimer] c.n.e.registry.AbstractInstanceRegistry  : Running the evict task with compensationTime 5ms
2026-06-09T05:38:22.081+08:00  INFO 9544 --- [wms-discovery] [a-EvictionTimer] c.n.e.registry.AbstractInstanceRegistry  : Running the evict task with compensationTime 11ms
2026-06-09T05:39:22.086+08:00  INFO 9544 --- [wms-discovery] [a-EvictionTimer] c.n.e.registry.AbstractInstanceRegistry  : Running the evict task with compensationTime 5ms
2026-06-09T05:40:22.092+08:00  INFO 9544 --- [wms-discovery] [a-EvictionTimer] c.n.e.registry.AbstractInstanceRegistry  : Running the evict task with compensationTime 6ms
2026-06-09T05:41:20.755+08:00  INFO 9544 --- [wms-discovery] [hresholdUpdater] c.n.e.r.PeerAwareInstanceRegistryImpl    : Current renewal threshold is : 0
2026-06-09T05:41:22.101+08:00  INFO 9544 --- [wms-discovery] [a-EvictionTimer] c.n.e.registry.AbstractInstanceRegistry  : Running the evict task with compensationTime 9ms
2026-06-09T05:42:22.112+08:00  INFO 9544 --- [wms-discovery] [a-EvictionTimer] c.n.e.registry.AbstractInstanceRegistry  : Running the evict task with compensationTime 10ms
2026-06-09T05:43:22.112+08:00  INFO 9544 --- [wms-discovery] [a-EvictionTimer] c.n.e.registry.AbstractInstanceRegistry  : Running the evict task with compensationTime 0ms
2026-06-09T05:44:22.123+08:00  INFO 9544 --- [wms-discovery] [a-EvictionTimer] c.n.e.registry.AbstractInstanceRegistry  : Running the evict task with compensationTime 10ms
2026-06-09T05:45:22.131+08:00  INFO 9544 --- [wms-discovery] [a-EvictionTimer] c.n.e.registry.AbstractInstanceRegistry  : Running the evict task with compensationTime 8ms
2026-06-09T05:46:22.146+08:00  INFO 9544 --- [wms-discovery] [a-EvictionTimer] c.n.e.registry.AbstractInstanceRegistry  : Running the evict task with compensationTime 15ms
2026-06-09T05:47:22.146+08:00  INFO 9544 --- [wms-discovery] [a-EvictionTimer] c.n.e.registry.AbstractInstanceRegistry  : Running the evict task with compensationTime 0ms
2026-06-09T05:48:22.159+08:00  INFO 9544 --- [wms-discovery] [a-EvictionTimer] c.n.e.registry.AbstractInstanceRegistry  : Running the evict task with compensationTime 13ms
2026-06-09T05:49:22.166+08:00  INFO 9544 --- [wms-discovery] [a-EvictionTimer] c.n.e.registry.AbstractInstanceRegistry  : Running the evict task with compensationTime 6ms
2026-06-09T05:50:22.182+08:00  INFO 9544 --- [wms-discovery] [a-EvictionTimer] c.n.e.registry.AbstractInstanceRegistry  : Running the evict task with compensationTime 16ms
2026-06-09T05:51:22.185+08:00  INFO 9544 --- [wms-discovery] [a-EvictionTimer] c.n.e.registry.AbstractInstanceRegistry  : Running the evict task with compensationTime 2ms
2026-06-09T05:52:22.194+08:00  INFO 9544 --- [wms-discovery] [a-EvictionTimer] c.n.e.registry.AbstractInstanceRegistry  : Running the evict task with compensationTime 7ms
2026-06-09T05:53:22.193+08:00  INFO 9544 --- [wms-discovery] [a-EvictionTimer] c.n.e.registry.AbstractInstanceRegistry  : Running the evict task with compensationTime 0ms
2026-06-09T05:54:22.196+08:00  INFO 9544 --- [wms-discovery] [a-EvictionTimer] c.n.e.registry.AbstractInstanceRegistry  : Running the evict task with compensationTime 3ms
2026-06-09T05:55:22.200+08:00  INFO 9544 --- [wms-discovery] [a-EvictionTimer] c.n.e.registry.AbstractInstanceRegistry  : Running the evict task with compensationTime 4ms
2026-06-09T05:56:20.764+08:00  INFO 9544 --- [wms-discovery] [hresholdUpdater] c.n.e.r.PeerAwareInstanceRegistryImpl    : Current renewal threshold is : 0
2026-06-09T05:56:22.206+08:00  INFO 9544 --- [wms-discovery] [a-EvictionTimer] c.n.e.registry.AbstractInstanceRegistry  : Running the evict task with compensationTime 6ms
2026-06-09T05:57:22.217+08:00  INFO 9544 --- [wms-discovery] [a-EvictionTimer] c.n.e.registry.AbstractInstanceRegistry  : Running the evict task with compensationTime 10ms
2026-06-09T05:58:22.228+08:00  INFO 9544 --- [wms-discovery] [a-EvictionTimer] c.n.e.registry.AbstractInstanceRegistry  : Running the evict task with compensationTime 10ms
2026-06-09T05:59:22.236+08:00  INFO 9544 --- [wms-discovery] [a-EvictionTimer] c.n.e.registry.AbstractInstanceRegistry  : Running the evict task with compensationTime 8ms
2026-06-09T06:00:22.237+08:00  INFO 9544 --- [wms-discovery] [a-EvictionTimer] c.n.e.registry.AbstractInstanceRegistry  : Running the evict task with compensationTime 1ms
2026-06-09T06:01:22.247+08:00  INFO 9544 --- [wms-discovery] [a-EvictionTimer] c.n.e.registry.AbstractInstanceRegistry  : Running the evict task with compensationTime 10ms
2026-06-09T06:02:22.249+08:00  INFO 9544 --- [wms-discovery] [a-EvictionTimer] c.n.e.registry.AbstractInstanceRegistry  : Running the evict task with compensationTime 1ms
2026-06-09T06:03:22.255+08:00  INFO 9544 --- [wms-discovery] [a-EvictionTimer] c.n.e.registry.AbstractInstanceRegistry  : Running the evict task with compensationTime 6ms
2026-06-09T06:04:22.265+08:00  INFO 9544 --- [wms-discovery] [a-EvictionTimer] c.n.e.registry.AbstractInstanceRegistry  : Running the evict task with compensationTime 9ms
2026-06-09T06:05:22.276+08:00  INFO 9544 --- [wms-discovery] [a-EvictionTimer] c.n.e.registry.AbstractInstanceRegistry  : Running the evict task with compensationTime 11ms
2026-06-09T06:06:22.284+08:00  INFO 9544 --- [wms-discovery] [a-EvictionTimer] c.n.e.registry.AbstractInstanceRegistry  : Running the evict task with compensationTime 8ms
2026-06-09T06:07:22.294+08:00  INFO 9544 --- [wms-discovery] [a-EvictionTimer] c.n.e.registry.AbstractInstanceRegistry  : Running the evict task with compensationTime 9ms
2026-06-09T06:08:22.302+08:00  INFO 9544 --- [wms-discovery] [a-EvictionTimer] c.n.e.registry.AbstractInstanceRegistry  : Running the evict task with compensationTime 7ms
2026-06-09T06:09:22.310+08:00  INFO 9544 --- [wms-discovery] [a-EvictionTimer] c.n.e.registry.AbstractInstanceRegistry  : Running the evict task with compensationTime 9ms
2026-06-09T06:10:22.319+08:00  INFO 9544 --- [wms-discovery] [a-EvictionTimer] c.n.e.registry.AbstractInstanceRegistry  : Running the evict task with compensationTime 9ms
2026-06-09T06:11:20.779+08:00  INFO 9544 --- [wms-discovery] [hresholdUpdater] c.n.e.r.PeerAwareInstanceRegistryImpl    : Current renewal threshold is : 0
2026-06-09T06:11:22.329+08:00  INFO 9544 --- [wms-discovery] [a-EvictionTimer] c.n.e.registry.AbstractInstanceRegistry  : Running the evict task with compensationTime 9ms
2026-06-09T06:12:22.338+08:00  INFO 9544 --- [wms-discovery] [a-EvictionTimer] c.n.e.registry.AbstractInstanceRegistry  : Running the evict task with compensationTime 8ms
2026-06-09T06:13:22.345+08:00  INFO 9544 --- [wms-discovery] [a-EvictionTimer] c.n.e.registry.AbstractInstanceRegistry  : Running the evict task with compensationTime 7ms
2026-06-09T06:14:22.354+08:00  INFO 9544 --- [wms-discovery] [a-EvictionTimer] c.n.e.registry.AbstractInstanceRegistry  : Running the evict task with compensationTime 9ms
2026-06-09T06:15:22.355+08:00  INFO 9544 --- [wms-discovery] [a-EvictionTimer] c.n.e.registry.AbstractInstanceRegistry  : Running the evict task with compensationTime 0ms
2026-06-09T06:16:22.366+08:00  INFO 9544 --- [wms-discovery] [a-EvictionTimer] c.n.e.registry.AbstractInstanceRegistry  : Running the evict task with compensationTime 11ms
2026-06-09T06:17:22.378+08:00  INFO 9544 --- [wms-discovery] [a-EvictionTimer] c.n.e.registry.AbstractInstanceRegistry  : Running the evict task with compensationTime 11ms
2026-06-09T06:18:22.380+08:00  INFO 9544 --- [wms-discovery] [a-EvictionTimer] c.n.e.registry.AbstractInstanceRegistry  : Running the evict task with compensationTime 2ms
2026-06-09T06:19:22.389+08:00  INFO 9544 --- [wms-discovery] [a-EvictionTimer] c.n.e.registry.AbstractInstanceRegistry  : Running the evict task with compensationTime 8ms
2026-06-09T06:20:22.392+08:00  INFO 9544 --- [wms-discovery] [a-EvictionTimer] c.n.e.registry.AbstractInstanceRegistry  : Running the evict task with compensationTime 3ms
2026-06-09T06:21:22.401+08:00  INFO 9544 --- [wms-discovery] [a-EvictionTimer] c.n.e.registry.AbstractInstanceRegistry  : Running the evict task with compensationTime 7ms
2026-06-09T06:22:22.414+08:00  INFO 9544 --- [wms-discovery] [a-EvictionTimer] c.n.e.registry.AbstractInstanceRegistry  : Running the evict task with compensationTime 13ms
2026-06-09T06:23:22.420+08:00  INFO 9544 --- [wms-discovery] [a-EvictionTimer] c.n.e.registry.AbstractInstanceRegistry  : Running the evict task with compensationTime 6ms
2026-06-09T06:24:22.424+08:00  INFO 9544 --- [wms-discovery] [a-EvictionTimer] c.n.e.registry.AbstractInstanceRegistry  : Running the evict task with compensationTime 3ms
2026-06-09T06:25:22.430+08:00  INFO 9544 --- [wms-discovery] [a-EvictionTimer] c.n.e.registry.AbstractInstanceRegistry  : Running the evict task with compensationTime 5ms
2026-06-09T06:26:20.788+08:00  INFO 9544 --- [wms-discovery] [hresholdUpdater] c.n.e.r.PeerAwareInstanceRegistryImpl    : Current renewal threshold is : 0
2026-06-09T06:26:22.430+08:00  INFO 9544 --- [wms-discovery] [a-EvictionTimer] c.n.e.registry.AbstractInstanceRegistry  : Running the evict task with compensationTime 0ms
2026-06-09T06:27:22.432+08:00  INFO 9544 --- [wms-discovery] [a-EvictionTimer] c.n.e.registry.AbstractInstanceRegistry  : Running the evict task with compensationTime 2ms
2026-06-09T06:28:22.444+08:00  INFO 9544 --- [wms-discovery] [a-EvictionTimer] c.n.e.registry.AbstractInstanceRegistry  : Running the evict task with compensationTime 10ms
2026-06-09T06:29:22.448+08:00  INFO 9544 --- [wms-discovery] [a-EvictionTimer] c.n.e.registry.AbstractInstanceRegistry  : Running the evict task with compensationTime 4ms
2026-06-09T06:30:22.458+08:00  INFO 9544 --- [wms-discovery] [a-EvictionTimer] c.n.e.registry.AbstractInstanceRegistry  : Running the evict task with compensationTime 9ms
2026-06-09T06:31:22.460+08:00  INFO 9544 --- [wms-discovery] [a-EvictionTimer] c.n.e.registry.AbstractInstanceRegistry  : Running the evict task with compensationTime 2ms
2026-06-09T06:32:22.465+08:00  INFO 9544 --- [wms-discovery] [a-EvictionTimer] c.n.e.registry.AbstractInstanceRegistry  : Running the evict task with compensationTime 5ms
2026-06-09T06:33:22.468+08:00  INFO 9544 --- [wms-discovery] [a-EvictionTimer] c.n.e.registry.AbstractInstanceRegistry  : Running the evict task with compensationTime 2ms
2026-06-09T06:34:22.474+08:00  INFO 9544 --- [wms-discovery] [a-EvictionTimer] c.n.e.registry.AbstractInstanceRegistry  : Running the evict task with compensationTime 6ms
2026-06-09T06:35:22.480+08:00  INFO 9544 --- [wms-discovery] [a-EvictionTimer] c.n.e.registry.AbstractInstanceRegistry  : Running the evict task with compensationTime 5ms
2026-06-09T06:36:22.491+08:00  INFO 9544 --- [wms-discovery] [a-EvictionTimer] c.n.e.registry.AbstractInstanceRegistry  : Running the evict task with compensationTime 10ms
2026-06-09T06:37:22.506+08:00  INFO 9544 --- [wms-discovery] [a-EvictionTimer] c.n.e.registry.AbstractInstanceRegistry  : Running the evict task with compensationTime 15ms
2026-06-09T06:38:22.507+08:00  INFO 9544 --- [wms-discovery] [a-EvictionTimer] c.n.e.registry.AbstractInstanceRegistry  : Running the evict task with compensationTime 1ms
2026-06-09T06:39:22.518+08:00  INFO 9544 --- [wms-discovery] [a-EvictionTimer] c.n.e.registry.AbstractInstanceRegistry  : Running the evict task with compensationTime 11ms
2026-06-09T06:40:22.524+08:00  INFO 9544 --- [wms-discovery] [a-EvictionTimer] c.n.e.registry.AbstractInstanceRegistry  : Running the evict task with compensationTime 5ms
2026-06-09T06:41:20.792+08:00  INFO 9544 --- [wms-discovery] [hresholdUpdater] c.n.e.r.PeerAwareInstanceRegistryImpl    : Current renewal threshold is : 0
2026-06-09T06:41:22.531+08:00  INFO 9544 --- [wms-discovery] [a-EvictionTimer] c.n.e.registry.AbstractInstanceRegistry  : Running the evict task with compensationTime 5ms
2026-06-09T06:42:22.541+08:00  INFO 9544 --- [wms-discovery] [a-EvictionTimer] c.n.e.registry.AbstractInstanceRegistry  : Running the evict task with compensationTime 10ms
2026-06-09T06:43:22.551+08:00  INFO 9544 --- [wms-discovery] [a-EvictionTimer] c.n.e.registry.AbstractInstanceRegistry  : Running the evict task with compensationTime 9ms
2026-06-09T06:44:22.560+08:00  INFO 9544 --- [wms-discovery] [a-EvictionTimer] c.n.e.registry.AbstractInstanceRegistry  : Running the evict task with compensationTime 8ms
2026-06-09T06:45:22.560+08:00  INFO 9544 --- [wms-discovery] [a-EvictionTimer] c.n.e.registry.AbstractInstanceRegistry  : Running the evict task with compensationTime 0ms
2026-06-09T06:46:22.566+08:00  INFO 9544 --- [wms-discovery] [a-EvictionTimer] c.n.e.registry.AbstractInstanceRegistry  : Running the evict task with compensationTime 6ms
2026-06-09T06:47:22.570+08:00  INFO 9544 --- [wms-discovery] [a-EvictionTimer] c.n.e.registry.AbstractInstanceRegistry  : Running the evict task with compensationTime 4ms
2026-06-09T06:48:22.581+08:00  INFO 9544 --- [wms-discovery] [a-EvictionTimer] c.n.e.registry.AbstractInstanceRegistry  : Running the evict task with compensationTime 10ms
2026-06-09T06:49:22.586+08:00  INFO 9544 --- [wms-discovery] [a-EvictionTimer] c.n.e.registry.AbstractInstanceRegistry  : Running the evict task with compensationTime 5ms
2026-06-09T06:50:22.596+08:00  INFO 9544 --- [wms-discovery] [a-EvictionTimer] c.n.e.registry.AbstractInstanceRegistry  : Running the evict task with compensationTime 10ms
2026-06-09T06:51:22.602+08:00  INFO 9544 --- [wms-discovery] [a-EvictionTimer] c.n.e.registry.AbstractInstanceRegistry  : Running the evict task with compensationTime 4ms
2026-06-09T06:52:22.608+08:00  INFO 9544 --- [wms-discovery] [a-EvictionTimer] c.n.e.registry.AbstractInstanceRegistry  : Running the evict task with compensationTime 6ms
2026-06-09T06:53:22.611+08:00  INFO 9544 --- [wms-discovery] [a-EvictionTimer] c.n.e.registry.AbstractInstanceRegistry  : Running the evict task with compensationTime 3ms
2026-06-09T06:54:22.621+08:00  INFO 9544 --- [wms-discovery] [a-EvictionTimer] c.n.e.registry.AbstractInstanceRegistry  : Running the evict task with compensationTime 10ms
2026-06-09T06:55:22.631+08:00  INFO 9544 --- [wms-discovery] [a-EvictionTimer] c.n.e.registry.AbstractInstanceRegistry  : Running the evict task with compensationTime 9ms
2026-06-09T06:56:20.798+08:00  INFO 9544 --- [wms-discovery] [hresholdUpdater] c.n.e.r.PeerAwareInstanceRegistryImpl    : Current renewal threshold is : 0
2026-06-09T06:56:22.634+08:00  INFO 9544 --- [wms-discovery] [a-EvictionTimer] c.n.e.registry.AbstractInstanceRegistry  : Running the evict task with compensationTime 2ms
2026-06-09T06:57:22.637+08:00  INFO 9544 --- [wms-discovery] [a-EvictionTimer] c.n.e.registry.AbstractInstanceRegistry  : Running the evict task with compensationTime 2ms
2026-06-09T06:58:22.648+08:00  INFO 9544 --- [wms-discovery] [a-EvictionTimer] c.n.e.registry.AbstractInstanceRegistry  : Running the evict task with compensationTime 11ms
2026-06-09T06:59:22.658+08:00  INFO 9544 --- [wms-discovery] [a-EvictionTimer] c.n.e.registry.AbstractInstanceRegistry  : Running the evict task with compensationTime 9ms
2026-06-09T07:00:22.664+08:00  INFO 9544 --- [wms-discovery] [a-EvictionTimer] c.n.e.registry.AbstractInstanceRegistry  : Running the evict task with compensationTime 6ms
2026-06-09T07:01:22.665+08:00  INFO 9544 --- [wms-discovery] [a-EvictionTimer] c.n.e.registry.AbstractInstanceRegistry  : Running the evict task with compensationTime 0ms
2026-06-09T07:02:22.676+08:00  INFO 9544 --- [wms-discovery] [a-EvictionTimer] c.n.e.registry.AbstractInstanceRegistry  : Running the evict task with compensationTime 11ms
2026-06-09T07:03:22.688+08:00  INFO 9544 --- [wms-discovery] [a-EvictionTimer] c.n.e.registry.AbstractInstanceRegistry  : Running the evict task with compensationTime 10ms
2026-06-09T07:04:22.699+08:00  INFO 9544 --- [wms-discovery] [a-EvictionTimer] c.n.e.registry.AbstractInstanceRegistry  : Running the evict task with compensationTime 11ms
2026-06-09T07:05:22.702+08:00  INFO 9544 --- [wms-discovery] [a-EvictionTimer] c.n.e.registry.AbstractInstanceRegistry  : Running the evict task with compensationTime 2ms
2026-06-09T07:06:22.714+08:00  INFO 9544 --- [wms-discovery] [a-EvictionTimer] c.n.e.registry.AbstractInstanceRegistry  : Running the evict task with compensationTime 11ms
2026-06-09T07:07:22.724+08:00  INFO 9544 --- [wms-discovery] [a-EvictionTimer] c.n.e.registry.AbstractInstanceRegistry  : Running the evict task with compensationTime 10ms
2026-06-09T07:08:22.737+08:00  INFO 9544 --- [wms-discovery] [a-EvictionTimer] c.n.e.registry.AbstractInstanceRegistry  : Running the evict task with compensationTime 13ms
2026-06-09T07:09:22.745+08:00  INFO 9544 --- [wms-discovery] [a-EvictionTimer] c.n.e.registry.AbstractInstanceRegistry  : Running the evict task with compensationTime 8ms
2026-06-09T07:10:22.756+08:00  INFO 9544 --- [wms-discovery] [a-EvictionTimer] c.n.e.registry.AbstractInstanceRegistry  : Running the evict task with compensationTime 12ms
2026-06-09T07:11:20.800+08:00  INFO 9544 --- [wms-discovery] [hresholdUpdater] c.n.e.r.PeerAwareInstanceRegistryImpl    : Current renewal threshold is : 0
2026-06-09T07:11:22.758+08:00  INFO 9544 --- [wms-discovery] [a-EvictionTimer] c.n.e.registry.AbstractInstanceRegistry  : Running the evict task with compensationTime 1ms
2026-06-09T07:12:22.760+08:00  INFO 9544 --- [wms-discovery] [a-EvictionTimer] c.n.e.registry.AbstractInstanceRegistry  : Running the evict task with compensationTime 1ms
2026-06-09T07:13:22.767+08:00  INFO 9544 --- [wms-discovery] [a-EvictionTimer] c.n.e.registry.AbstractInstanceRegistry  : Running the evict task with compensationTime 6ms
2026-06-09T07:14:22.775+08:00  INFO 9544 --- [wms-discovery] [a-EvictionTimer] c.n.e.registry.AbstractInstanceRegistry  : Running the evict task with compensationTime 8ms
2026-06-09T07:15:22.777+08:00  INFO 9544 --- [wms-discovery] [a-EvictionTimer] c.n.e.registry.AbstractInstanceRegistry  : Running the evict task with compensationTime 2ms
2026-06-09T07:16:22.789+08:00  INFO 9544 --- [wms-discovery] [a-EvictionTimer] c.n.e.registry.AbstractInstanceRegistry  : Running the evict task with compensationTime 11ms
2026-06-09T07:17:22.801+08:00  INFO 9544 --- [wms-discovery] [a-EvictionTimer] c.n.e.registry.AbstractInstanceRegistry  : Running the evict task with compensationTime 11ms
2026-06-09T07:18:22.813+08:00  INFO 9544 --- [wms-discovery] [a-EvictionTimer] c.n.e.registry.AbstractInstanceRegistry  : Running the evict task with compensationTime 13ms
2026-06-09T07:19:22.825+08:00  INFO 9544 --- [wms-discovery] [a-EvictionTimer] c.n.e.registry.AbstractInstanceRegistry  : Running the evict task with compensationTime 12ms
2026-06-09T07:20:22.837+08:00  INFO 9544 --- [wms-discovery] [a-EvictionTimer] c.n.e.registry.AbstractInstanceRegistry  : Running the evict task with compensationTime 11ms
2026-06-09T07:21:22.846+08:00  INFO 9544 --- [wms-discovery] [a-EvictionTimer] c.n.e.registry.AbstractInstanceRegistry  : Running the evict task with compensationTime 8ms
2026-06-09T07:22:22.858+08:00  INFO 9544 --- [wms-discovery] [a-EvictionTimer] c.n.e.registry.AbstractInstanceRegistry  : Running the evict task with compensationTime 12ms
2026-06-09T07:23:22.860+08:00  INFO 9544 --- [wms-discovery] [a-EvictionTimer] c.n.e.registry.AbstractInstanceRegistry  : Running the evict task with compensationTime 1ms
2026-06-09T07:24:22.861+08:00  INFO 9544 --- [wms-discovery] [a-EvictionTimer] c.n.e.registry.AbstractInstanceRegistry  : Running the evict task with compensationTime 0ms
2026-06-09T07:25:22.862+08:00  INFO 9544 --- [wms-discovery] [a-EvictionTimer] c.n.e.registry.AbstractInstanceRegistry  : Running the evict task with compensationTime 0ms
2026-06-09T07:26:20.811+08:00  INFO 9544 --- [wms-discovery] [hresholdUpdater] c.n.e.r.PeerAwareInstanceRegistryImpl    : Current renewal threshold is : 0
2026-06-09T07:26:22.864+08:00  INFO 9544 --- [wms-discovery] [a-EvictionTimer] c.n.e.registry.AbstractInstanceRegistry  : Running the evict task with compensationTime 2ms
2026-06-09T07:27:22.878+08:00  INFO 9544 --- [wms-discovery] [a-EvictionTimer] c.n.e.registry.AbstractInstanceRegistry  : Running the evict task with compensationTime 13ms
2026-06-09T07:28:22.885+08:00  INFO 9544 --- [wms-discovery] [a-EvictionTimer] c.n.e.registry.AbstractInstanceRegistry  : Running the evict task with compensationTime 8ms
2026-06-09T07:29:22.895+08:00  INFO 9544 --- [wms-discovery] [a-EvictionTimer] c.n.e.registry.AbstractInstanceRegistry  : Running the evict task with compensationTime 9ms
2026-06-09T07:30:22.909+08:00  INFO 9544 --- [wms-discovery] [a-EvictionTimer] c.n.e.registry.AbstractInstanceRegistry  : Running the evict task with compensationTime 13ms
2026-06-09T07:31:22.915+08:00  INFO 9544 --- [wms-discovery] [a-EvictionTimer] c.n.e.registry.AbstractInstanceRegistry  : Running the evict task with compensationTime 7ms
2026-06-09T07:32:22.915+08:00  INFO 9544 --- [wms-discovery] [a-EvictionTimer] c.n.e.registry.AbstractInstanceRegistry  : Running the evict task with compensationTime 0ms
2026-06-09T07:33:22.920+08:00  INFO 9544 --- [wms-discovery] [a-EvictionTimer] c.n.e.registry.AbstractInstanceRegistry  : Running the evict task with compensationTime 11ms
2026-06-09T07:34:22.927+08:00  INFO 9544 --- [wms-discovery] [a-EvictionTimer] c.n.e.registry.AbstractInstanceRegistry  : Running the evict task with compensationTime 12ms
2026-06-09T07:35:22.928+08:00  INFO 9544 --- [wms-discovery] [a-EvictionTimer] c.n.e.registry.AbstractInstanceRegistry  : Running the evict task with compensationTime 7ms
2026-06-09T07:36:22.935+08:00  INFO 9544 --- [wms-discovery] [a-EvictionTimer] c.n.e.registry.AbstractInstanceRegistry  : Running the evict task with compensationTime 12ms
2026-06-09T07:37:22.938+08:00  INFO 9544 --- [wms-discovery] [a-EvictionTimer] c.n.e.registry.AbstractInstanceRegistry  : Running the evict task with compensationTime 11ms
2026-06-09T07:38:22.940+08:00  INFO 9544 --- [wms-discovery] [a-EvictionTimer] c.n.e.registry.AbstractInstanceRegistry  : Running the evict task with compensationTime 6ms
2026-06-09T07:39:22.947+08:00  INFO 9544 --- [wms-discovery] [a-EvictionTimer] c.n.e.registry.AbstractInstanceRegistry  : Running the evict task with compensationTime 13ms
2026-06-09T07:40:22.949+08:00  INFO 9544 --- [wms-discovery] [a-EvictionTimer] c.n.e.registry.AbstractInstanceRegistry  : Running the evict task with compensationTime 8ms
2026-06-09T07:41:20.813+08:00  INFO 9544 --- [wms-discovery] [hresholdUpdater] c.n.e.r.PeerAwareInstanceRegistryImpl    : Current renewal threshold is : 0
2026-06-09T07:41:22.949+08:00  INFO 9544 --- [wms-discovery] [a-EvictionTimer] c.n.e.registry.AbstractInstanceRegistry  : Running the evict task with compensationTime 6ms
2026-06-09T07:42:22.955+08:00  INFO 9544 --- [wms-discovery] [a-EvictionTimer] c.n.e.registry.AbstractInstanceRegistry  : Running the evict task with compensationTime 11ms
2026-06-09T07:43:22.965+08:00  INFO 9544 --- [wms-discovery] [a-EvictionTimer] c.n.e.registry.AbstractInstanceRegistry  : Running the evict task with compensationTime 16ms
2026-06-09T07:44:22.972+08:00  INFO 9544 --- [wms-discovery] [a-EvictionTimer] c.n.e.registry.AbstractInstanceRegistry  : Running the evict task with compensationTime 13ms
2026-06-09T07:45:22.984+08:00  INFO 9544 --- [wms-discovery] [a-EvictionTimer] c.n.e.registry.AbstractInstanceRegistry  : Running the evict task with compensationTime 17ms
2026-06-09T07:46:22.987+08:00  INFO 9544 --- [wms-discovery] [a-EvictionTimer] c.n.e.registry.AbstractInstanceRegistry  : Running the evict task with compensationTime 9ms
2026-06-09T07:47:23.000+08:00  INFO 9544 --- [wms-discovery] [a-EvictionTimer] c.n.e.registry.AbstractInstanceRegistry  : Running the evict task with compensationTime 18ms
2026-06-09T07:48:23.006+08:00  INFO 9544 --- [wms-discovery] [a-EvictionTimer] c.n.e.registry.AbstractInstanceRegistry  : Running the evict task with compensationTime 12ms
2026-06-09T07:49:23.006+08:00  INFO 9544 --- [wms-discovery] [a-EvictionTimer] c.n.e.registry.AbstractInstanceRegistry  : Running the evict task with compensationTime 6ms
2026-06-09T07:50:23.012+08:00  INFO 9544 --- [wms-discovery] [a-EvictionTimer] c.n.e.registry.AbstractInstanceRegistry  : Running the evict task with compensationTime 9ms
2026-06-09T07:51:23.018+08:00  INFO 9544 --- [wms-discovery] [a-EvictionTimer] c.n.e.registry.AbstractInstanceRegistry  : Running the evict task with compensationTime 11ms
2026-06-09T07:52:23.019+08:00  INFO 9544 --- [wms-discovery] [a-EvictionTimer] c.n.e.registry.AbstractInstanceRegistry  : Running the evict task with compensationTime 5ms
2026-06-09T07:53:23.030+08:00  INFO 9544 --- [wms-discovery] [a-EvictionTimer] c.n.e.registry.AbstractInstanceRegistry  : Running the evict task with compensationTime 16ms
2026-06-09T07:54:23.033+08:00  INFO 9544 --- [wms-discovery] [a-EvictionTimer] c.n.e.registry.AbstractInstanceRegistry  : Running the evict task with compensationTime 7ms
2026-06-09T07:55:23.037+08:00  INFO 9544 --- [wms-discovery] [a-EvictionTimer] c.n.e.registry.AbstractInstanceRegistry  : Running the evict task with compensationTime 7ms
2026-06-09T07:56:20.825+08:00  INFO 9544 --- [wms-discovery] [hresholdUpdater] c.n.e.r.PeerAwareInstanceRegistryImpl    : Current renewal threshold is : 0
2026-06-09T07:56:23.043+08:00  INFO 9544 --- [wms-discovery] [a-EvictionTimer] c.n.e.registry.AbstractInstanceRegistry  : Running the evict task with compensationTime 10ms
2026-06-09T07:57:23.056+08:00  INFO 9544 --- [wms-discovery] [a-EvictionTimer] c.n.e.registry.AbstractInstanceRegistry  : Running the evict task with compensationTime 18ms
2026-06-09T07:58:23.060+08:00  INFO 9544 --- [wms-discovery] [a-EvictionTimer] c.n.e.registry.AbstractInstanceRegistry  : Running the evict task with compensationTime 7ms
2026-06-09T07:59:23.069+08:00  INFO 9544 --- [wms-discovery] [a-EvictionTimer] c.n.e.registry.AbstractInstanceRegistry  : Running the evict task with compensationTime 14ms
2026-06-09T08:00:23.074+08:00  INFO 9544 --- [wms-discovery] [a-EvictionTimer] c.n.e.registry.AbstractInstanceRegistry  : Running the evict task with compensationTime 9ms
2026-06-09T08:01:23.083+08:00  INFO 9544 --- [wms-discovery] [a-EvictionTimer] c.n.e.registry.AbstractInstanceRegistry  : Running the evict task with compensationTime 14ms
2026-06-09T08:02:23.096+08:00  INFO 9544 --- [wms-discovery] [a-EvictionTimer] c.n.e.registry.AbstractInstanceRegistry  : Running the evict task with compensationTime 16ms
2026-06-09T08:03:23.097+08:00  INFO 9544 --- [wms-discovery] [a-EvictionTimer] c.n.e.registry.AbstractInstanceRegistry  : Running the evict task with compensationTime 6ms
2026-06-09T08:04:23.103+08:00  INFO 9544 --- [wms-discovery] [a-EvictionTimer] c.n.e.registry.AbstractInstanceRegistry  : Running the evict task with compensationTime 10ms
2026-06-09T08:05:23.107+08:00  INFO 9544 --- [wms-discovery] [a-EvictionTimer] c.n.e.registry.AbstractInstanceRegistry  : Running the evict task with compensationTime 8ms
2026-06-09T08:06:23.118+08:00  INFO 9544 --- [wms-discovery] [a-EvictionTimer] c.n.e.registry.AbstractInstanceRegistry  : Running the evict task with compensationTime 16ms
2026-06-09T08:07:23.123+08:00  INFO 9544 --- [wms-discovery] [a-EvictionTimer] c.n.e.registry.AbstractInstanceRegistry  : Running the evict task with compensationTime 8ms
2026-06-09T08:08:23.123+08:00  INFO 9544 --- [wms-discovery] [a-EvictionTimer] c.n.e.registry.AbstractInstanceRegistry  : Running the evict task with compensationTime 3ms
2026-06-09T08:09:23.130+08:00  INFO 9544 --- [wms-discovery] [a-EvictionTimer] c.n.e.registry.AbstractInstanceRegistry  : Running the evict task with compensationTime 9ms
2026-06-09T08:10:23.139+08:00  INFO 9544 --- [wms-discovery] [a-EvictionTimer] c.n.e.registry.AbstractInstanceRegistry  : Running the evict task with compensationTime 14ms
2026-06-09T08:11:20.834+08:00  INFO 9544 --- [wms-discovery] [hresholdUpdater] c.n.e.r.PeerAwareInstanceRegistryImpl    : Current renewal threshold is : 0
2026-06-09T08:11:23.144+08:00  INFO 9544 --- [wms-discovery] [a-EvictionTimer] c.n.e.registry.AbstractInstanceRegistry  : Running the evict task with compensationTime 7ms
2026-06-09T08:12:23.148+08:00  INFO 9544 --- [wms-discovery] [a-EvictionTimer] c.n.e.registry.AbstractInstanceRegistry  : Running the evict task with compensationTime 6ms
2026-06-09T08:13:23.157+08:00  INFO 9544 --- [wms-discovery] [a-EvictionTimer] c.n.e.registry.AbstractInstanceRegistry  : Running the evict task with compensationTime 13ms
2026-06-09T08:14:23.164+08:00  INFO 9544 --- [wms-discovery] [a-EvictionTimer] c.n.e.registry.AbstractInstanceRegistry  : Running the evict task with compensationTime 10ms
2026-06-09T08:15:23.175+08:00  INFO 9544 --- [wms-discovery] [a-EvictionTimer] c.n.e.registry.AbstractInstanceRegistry  : Running the evict task with compensationTime 14ms
2026-06-09T08:16:23.176+08:00  INFO 9544 --- [wms-discovery] [a-EvictionTimer] c.n.e.registry.AbstractInstanceRegistry  : Running the evict task with compensationTime 3ms
2026-06-09T08:17:23.186+08:00  INFO 9544 --- [wms-discovery] [a-EvictionTimer] c.n.e.registry.AbstractInstanceRegistry  : Running the evict task with compensationTime 13ms
2026-06-09T08:18:23.193+08:00  INFO 9544 --- [wms-discovery] [a-EvictionTimer] c.n.e.registry.AbstractInstanceRegistry  : Running the evict task with compensationTime 10ms
2026-06-09T08:19:23.199+08:00  INFO 9544 --- [wms-discovery] [a-EvictionTimer] c.n.e.registry.AbstractInstanceRegistry  : Running the evict task with compensationTime 8ms
2026-06-09T08:20:23.207+08:00  INFO 9544 --- [wms-discovery] [a-EvictionTimer] c.n.e.registry.AbstractInstanceRegistry  : Running the evict task with compensationTime 11ms
2026-06-09T08:21:23.209+08:00  INFO 9544 --- [wms-discovery] [a-EvictionTimer] c.n.e.registry.AbstractInstanceRegistry  : Running the evict task with compensationTime 5ms
2026-06-09T08:22:23.216+08:00  INFO 9544 --- [wms-discovery] [a-EvictionTimer] c.n.e.registry.AbstractInstanceRegistry  : Running the evict task with compensationTime 10ms
2026-06-09T08:23:23.227+08:00  INFO 9544 --- [wms-discovery] [a-EvictionTimer] c.n.e.registry.AbstractInstanceRegistry  : Running the evict task with compensationTime 13ms
2026-06-09T08:24:23.232+08:00  INFO 9544 --- [wms-discovery] [a-EvictionTimer] c.n.e.registry.AbstractInstanceRegistry  : Running the evict task with compensationTime 7ms
2026-06-09T08:25:23.245+08:00  INFO 9544 --- [wms-discovery] [a-EvictionTimer] c.n.e.registry.AbstractInstanceRegistry  : Running the evict task with compensationTime 15ms
2026-06-09T08:26:20.847+08:00  INFO 9544 --- [wms-discovery] [hresholdUpdater] c.n.e.r.PeerAwareInstanceRegistryImpl    : Current renewal threshold is : 0
2026-06-09T08:26:23.253+08:00  INFO 9544 --- [wms-discovery] [a-EvictionTimer] c.n.e.registry.AbstractInstanceRegistry  : Running the evict task with compensationTime 10ms
2026-06-09T08:27:23.262+08:00  INFO 9544 --- [wms-discovery] [a-EvictionTimer] c.n.e.registry.AbstractInstanceRegistry  : Running the evict task with compensationTime 11ms
2026-06-09T08:28:23.264+08:00  INFO 9544 --- [wms-discovery] [a-EvictionTimer] c.n.e.registry.AbstractInstanceRegistry  : Running the evict task with compensationTime 4ms
2026-06-09T08:29:23.271+08:00  INFO 9544 --- [wms-discovery] [a-EvictionTimer] c.n.e.registry.AbstractInstanceRegistry  : Running the evict task with compensationTime 10ms
2026-06-09T08:30:23.280+08:00  INFO 9544 --- [wms-discovery] [a-EvictionTimer] c.n.e.registry.AbstractInstanceRegistry  : Running the evict task with compensationTime 10ms
2026-06-09T08:31:23.282+08:00  INFO 9544 --- [wms-discovery] [a-EvictionTimer] c.n.e.registry.AbstractInstanceRegistry  : Running the evict task with compensationTime 5ms
2026-06-09T08:32:23.288+08:00  INFO 9544 --- [wms-discovery] [a-EvictionTimer] c.n.e.registry.AbstractInstanceRegistry  : Running the evict task with compensationTime 7ms
2026-06-09T08:53:33.348+08:00  INFO 9544 --- [wms-discovery] [a-EvictionTimer] c.n.e.registry.AbstractInstanceRegistry  : Running the evict task with compensationTime 1210204ms
2026-06-09T08:54:33.361+08:00  INFO 9544 --- [wms-discovery] [a-EvictionTimer] c.n.e.registry.AbstractInstanceRegistry  : Running the evict task with compensationTime 12ms
2026-06-09T08:55:33.369+08:00  INFO 9544 --- [wms-discovery] [a-EvictionTimer] c.n.e.registry.AbstractInstanceRegistry  : Running the evict task with compensationTime 7ms
[INFO] ------------------------------------------------------------------------
[INFO] BUILD FAILURE
[INFO] ------------------------------------------------------------------------
[INFO] Total time:  06:15 h
[INFO] Finished at: 2026-06-09T08:56:33+08:00
[INFO] ------------------------------------------------------------------------
[ERROR] Failed to execute goal org.springframework.boot:spring-boot-maven-plugin:3.5.7:run (default-cli) on project wms-discovery: Process terminated with exit code: -1 -> [Help 1]
[ERROR] 
[ERROR] To see the full stack trace of the errors, re-run Maven with the -e switch.
[ERROR] Re-run Maven using the -X switch to enable full debug logging.
[ERROR] 
[ERROR] For more information about the errors and possible solutions, please read the following articles:
[ERROR] [Help 1] http://cwiki.apache.org/confluence/display/MAVEN/MojoExecutionException
