[INFO] Scanning for projects...
[INFO] 
[INFO] ------------------< com.example:wms-business-service >------------------
[INFO] Building wms-business-service 0.0.1-SNAPSHOT
[INFO]   from pom.xml
[INFO] --------------------------------[ jar ]---------------------------------
[INFO] 
[INFO] >>> spring-boot:3.5.7:run (default-cli) > test-compile @ wms-business-service >>>
[INFO] 
[INFO] --- resources:3.3.1:resources (default-resources) @ wms-business-service ---
[INFO] Copying 1 resource from src\main\resources to target\classes
[INFO] Copying 0 resource from src\main\resources to target\classes
[INFO] 
[INFO] --- compiler:3.14.1:compile (default-compile) @ wms-business-service ---
[INFO] Nothing to compile - all classes are up to date.
[INFO] 
[INFO] --- resources:3.3.1:testResources (default-testResources) @ wms-business-service ---
[INFO] skip non existing resourceDirectory D:\projects\wms-springcloud\wms-business-service\src\test\resources
[INFO] 
[INFO] --- compiler:3.14.1:testCompile (default-testCompile) @ wms-business-service ---
[INFO] No sources to compile
[INFO] 
[INFO] <<< spring-boot:3.5.7:run (default-cli) < test-compile @ wms-business-service <<<
[INFO] 
[INFO] 
[INFO] --- spring-boot:3.5.7:run (default-cli) @ wms-business-service ---
[INFO] Attaching agents: []

  .   ____          _            __ _ _
 /\\ / ___'_ __ _ _(_)_ __  __ _ \ \ \ \
( ( )\___ | '_ | '_| | '_ \/ _` | \ \ \ \
 \\/  ___)| |_)| | | | | || (_| |  ) ) ) )
  '  |____| .__|_| |_|_| |_\__, | / / / /
 =========|_|==============|___/=/_/_/_/

 :: Spring Boot ::                (v3.5.7)

2026-06-09T02:41:24.389+08:00  INFO 5048 --- [wms-business-service] [           main] c.e.wms.WmsBusinessServiceApplication    : Starting WmsBusinessServiceApplication using Java 21.0.10 with PID 5048 (D:\projects\wms-springcloud\wms-business-service\target\classes started by lenovo in D:\projects\wms-springcloud\wms-business-service)
2026-06-09T02:41:24.391+08:00  INFO 5048 --- [wms-business-service] [           main] c.e.wms.WmsBusinessServiceApplication    : No active profile set, falling back to 1 default profile: "default"
2026-06-09T02:41:24.959+08:00  INFO 5048 --- [wms-business-service] [           main] .s.d.r.c.RepositoryConfigurationDelegate : Bootstrapping Spring Data JPA repositories in DEFAULT mode.
2026-06-09T02:41:25.098+08:00  INFO 5048 --- [wms-business-service] [           main] .s.d.r.c.RepositoryConfigurationDelegate : Finished Spring Data repository scanning in 130 ms. Found 17 JPA repository interfaces.
2026-06-09T02:41:25.257+08:00  INFO 5048 --- [wms-business-service] [           main] o.s.cloud.context.scope.GenericScope     : BeanFactory id=26ed61c4-eca5-3e62-b25a-ffb763833fd5
2026-06-09T02:41:25.982+08:00  INFO 5048 --- [wms-business-service] [           main] o.s.b.w.embedded.tomcat.TomcatWebServer  : Tomcat initialized with port 8084 (http)
2026-06-09T02:41:26.012+08:00  INFO 5048 --- [wms-business-service] [           main] o.apache.catalina.core.StandardService   : Starting service [Tomcat]
2026-06-09T02:41:26.014+08:00  INFO 5048 --- [wms-business-service] [           main] o.apache.catalina.core.StandardEngine    : Starting Servlet engine: [Apache Tomcat/10.1.48]
2026-06-09T02:41:26.129+08:00  INFO 5048 --- [wms-business-service] [           main] o.a.c.c.C.[Tomcat].[localhost].[/]       : Initializing Spring embedded WebApplicationContext
2026-06-09T02:41:26.130+08:00  INFO 5048 --- [wms-business-service] [           main] w.s.c.ServletWebServerApplicationContext : Root WebApplicationContext: initialization completed in 1698 ms
2026-06-09T02:41:26.402+08:00  INFO 5048 --- [wms-business-service] [           main] o.hibernate.jpa.internal.util.LogHelper  : HHH000204: Processing PersistenceUnitInfo [name: default]
2026-06-09T02:41:26.490+08:00  INFO 5048 --- [wms-business-service] [           main] org.hibernate.Version                    : HHH000412: Hibernate ORM core version 6.6.33.Final
2026-06-09T02:41:26.540+08:00  INFO 5048 --- [wms-business-service] [           main] o.h.c.internal.RegionFactoryInitiator    : HHH000026: Second-level cache disabled
2026-06-09T02:41:27.128+08:00  INFO 5048 --- [wms-business-service] [           main] o.s.o.j.p.SpringPersistenceUnitInfo      : No LoadTimeWeaver setup: ignoring JPA class transformer
2026-06-09T02:41:27.188+08:00  INFO 5048 --- [wms-business-service] [           main] com.zaxxer.hikari.HikariDataSource       : HikariPool-1 - Starting...
2026-06-09T02:41:27.653+08:00  INFO 5048 --- [wms-business-service] [           main] com.zaxxer.hikari.pool.HikariPool        : HikariPool-1 - Added connection com.mysql.cj.jdbc.ConnectionImpl@295d54d6
2026-06-09T02:41:27.660+08:00  INFO 5048 --- [wms-business-service] [           main] com.zaxxer.hikari.HikariDataSource       : HikariPool-1 - Start completed.
2026-06-09T02:41:27.866+08:00  INFO 5048 --- [wms-business-service] [           main] org.hibernate.orm.connections.pooling    : HHH10001005: Database info:
	Database JDBC URL [Connecting through datasource 'HikariDataSource (HikariPool-1)']
	Database driver: undefined/unknown
	Database version: 8.0.46
	Autocommit mode: undefined/unknown
	Isolation level: undefined/unknown
	Minimum pool size: undefined/unknown
	Maximum pool size: undefined/unknown
2026-06-09T02:41:29.690+08:00  INFO 5048 --- [wms-business-service] [           main] o.h.e.t.j.p.i.JtaPlatformInitiator       : HHH000489: No JTA platform available (set 'hibernate.transaction.jta.platform' to enable JTA platform integration)
2026-06-09T02:41:29.806+08:00  INFO 5048 --- [wms-business-service] [           main] j.LocalContainerEntityManagerFactoryBean : Initialized JPA EntityManagerFactory for persistence unit 'default'
2026-06-09T02:41:33.402+08:00  INFO 5048 --- [wms-business-service] [           main] o.s.cloud.commons.util.InetUtils         : Cannot determine local hostname
2026-06-09T02:41:34.490+08:00  INFO 5048 --- [wms-business-service] [           main] o.s.cloud.commons.util.InetUtils         : Cannot determine local hostname
2026-06-09T02:41:34.540+08:00  INFO 5048 --- [wms-business-service] [           main] DiscoveryClientOptionalArgsConfiguration : Eureka HTTP Client uses RestTemplate.
2026-06-09T02:41:34.625+08:00  WARN 5048 --- [wms-business-service] [           main] iguration$LoadBalancerCaffeineWarnLogger : Spring Cloud LoadBalancer is currently working with the default cache. While this cache implementation is useful for development and tests, it's recommended to use Caffeine cache in production.You can switch to using Caffeine cache, by adding it and org.springframework.cache.caffeine.CaffeineCacheManager to the classpath.
2026-06-09T02:41:34.679+08:00  INFO 5048 --- [wms-business-service] [           main] o.s.c.n.eureka.InstanceInfoFactory       : Setting initial instance status as: STARTING
2026-06-09T02:41:34.732+08:00  INFO 5048 --- [wms-business-service] [           main] com.netflix.discovery.DiscoveryClient    : Initializing Eureka in region us-east-1
2026-06-09T02:41:34.740+08:00  INFO 5048 --- [wms-business-service] [           main] c.n.d.s.r.aws.ConfigClusterResolver      : Resolving eureka endpoints via configuration
2026-06-09T02:41:34.758+08:00  INFO 5048 --- [wms-business-service] [           main] com.netflix.discovery.DiscoveryClient    : Disable delta property : false
2026-06-09T02:41:34.758+08:00  INFO 5048 --- [wms-business-service] [           main] com.netflix.discovery.DiscoveryClient    : Single vip registry refresh property : null
2026-06-09T02:41:34.759+08:00  INFO 5048 --- [wms-business-service] [           main] com.netflix.discovery.DiscoveryClient    : Force full registry fetch : false
2026-06-09T02:41:34.760+08:00  INFO 5048 --- [wms-business-service] [           main] com.netflix.discovery.DiscoveryClient    : Application is null : false
2026-06-09T02:41:34.760+08:00  INFO 5048 --- [wms-business-service] [           main] com.netflix.discovery.DiscoveryClient    : Registered Applications size is zero : true
2026-06-09T02:41:34.761+08:00  INFO 5048 --- [wms-business-service] [           main] com.netflix.discovery.DiscoveryClient    : Application version is -1: true
2026-06-09T02:41:34.762+08:00  INFO 5048 --- [wms-business-service] [           main] com.netflix.discovery.DiscoveryClient    : Getting all instance registry info from the eureka server
2026-06-09T02:41:35.555+08:00  INFO 5048 --- [wms-business-service] [           main] com.netflix.discovery.DiscoveryClient    : The response status is 200
2026-06-09T02:41:35.559+08:00  INFO 5048 --- [wms-business-service] [           main] com.netflix.discovery.DiscoveryClient    : Starting heartbeat executor: renew interval is: 30
2026-06-09T02:41:35.565+08:00  INFO 5048 --- [wms-business-service] [           main] c.n.discovery.InstanceInfoReplicator     : InstanceInfoReplicator onDemand update allowed rate per min is 4
2026-06-09T02:41:35.568+08:00  INFO 5048 --- [wms-business-service] [           main] com.netflix.discovery.DiscoveryClient    : Discovery Client initialized at timestamp 1780944095567 with initial instances count: 2
2026-06-09T02:41:35.572+08:00  INFO 5048 --- [wms-business-service] [           main] o.s.c.n.e.s.EurekaServiceRegistry        : Registering application WMS-BUSINESS-SERVICE with eureka with status UP
2026-06-09T02:41:35.575+08:00  INFO 5048 --- [wms-business-service] [           main] com.netflix.discovery.DiscoveryClient    : Saw local status change event StatusChangeEvent [timestamp=1780944095575, current=UP, previous=STARTING]
2026-06-09T02:41:35.578+08:00  INFO 5048 --- [wms-business-service] [foReplicator-%d] com.netflix.discovery.DiscoveryClient    : DiscoveryClient_WMS-BUSINESS-SERVICE/localhost:wms-business-service:8084: registering service...
2026-06-09T02:41:35.625+08:00  INFO 5048 --- [wms-business-service] [           main] o.s.b.w.embedded.tomcat.TomcatWebServer  : Tomcat started on port 8084 (http) with context path '/'
2026-06-09T02:41:35.629+08:00  INFO 5048 --- [wms-business-service] [           main] .s.c.n.e.s.EurekaAutoServiceRegistration : Updating port to 8084
2026-06-09T02:41:35.670+08:00  INFO 5048 --- [wms-business-service] [foReplicator-%d] com.netflix.discovery.DiscoveryClient    : DiscoveryClient_WMS-BUSINESS-SERVICE/localhost:wms-business-service:8084 - registration status: 204
2026-06-09T02:41:36.655+08:00  INFO 5048 --- [wms-business-service] [           main] o.s.cloud.commons.util.InetUtils         : Cannot determine local hostname
2026-06-09T02:41:36.676+08:00  INFO 5048 --- [wms-business-service] [           main] c.e.wms.WmsBusinessServiceApplication    : Started WmsBusinessServiceApplication in 13.667 seconds (process running for 14.18)
2026-06-09T02:43:13.373+08:00  INFO 5048 --- [wms-business-service] [nio-8084-exec-1] o.a.c.c.C.[Tomcat].[localhost].[/]       : Initializing Spring DispatcherServlet 'dispatcherServlet'
2026-06-09T02:43:13.374+08:00  INFO 5048 --- [wms-business-service] [nio-8084-exec-1] o.s.web.servlet.DispatcherServlet        : Initializing Servlet 'dispatcherServlet'
2026-06-09T02:43:13.377+08:00  INFO 5048 --- [wms-business-service] [nio-8084-exec-1] o.s.web.servlet.DispatcherServlet        : Completed initialization in 2 ms
2026-06-09T02:46:37.268+08:00  INFO 5048 --- [wms-business-service] [rap-executor-%d] c.n.d.s.r.aws.ConfigClusterResolver      : Resolving eureka endpoints via configuration
2026-06-09T02:51:37.281+08:00  INFO 5048 --- [wms-business-service] [rap-executor-%d] c.n.d.s.r.aws.ConfigClusterResolver      : Resolving eureka endpoints via configuration
2026-06-09T02:56:37.288+08:00  INFO 5048 --- [wms-business-service] [rap-executor-%d] c.n.d.s.r.aws.ConfigClusterResolver      : Resolving eureka endpoints via configuration
2026-06-09T03:01:37.303+08:00  INFO 5048 --- [wms-business-service] [rap-executor-%d] c.n.d.s.r.aws.ConfigClusterResolver      : Resolving eureka endpoints via configuration
2026-06-09T03:06:37.322+08:00  INFO 5048 --- [wms-business-service] [rap-executor-%d] c.n.d.s.r.aws.ConfigClusterResolver      : Resolving eureka endpoints via configuration
2026-06-09T03:11:37.342+08:00  INFO 5048 --- [wms-business-service] [rap-executor-%d] c.n.d.s.r.aws.ConfigClusterResolver      : Resolving eureka endpoints via configuration
2026-06-09T03:16:37.351+08:00  INFO 5048 --- [wms-business-service] [rap-executor-%d] c.n.d.s.r.aws.ConfigClusterResolver      : Resolving eureka endpoints via configuration
2026-06-09T03:21:37.363+08:00  INFO 5048 --- [wms-business-service] [rap-executor-%d] c.n.d.s.r.aws.ConfigClusterResolver      : Resolving eureka endpoints via configuration
2026-06-09T03:26:37.362+08:00  INFO 5048 --- [wms-business-service] [rap-executor-%d] c.n.d.s.r.aws.ConfigClusterResolver      : Resolving eureka endpoints via configuration
2026-06-09T03:31:37.372+08:00  INFO 5048 --- [wms-business-service] [rap-executor-%d] c.n.d.s.r.aws.ConfigClusterResolver      : Resolving eureka endpoints via configuration
2026-06-09T03:36:37.381+08:00  INFO 5048 --- [wms-business-service] [rap-executor-%d] c.n.d.s.r.aws.ConfigClusterResolver      : Resolving eureka endpoints via configuration
2026-06-09T03:41:37.390+08:00  INFO 5048 --- [wms-business-service] [rap-executor-%d] c.n.d.s.r.aws.ConfigClusterResolver      : Resolving eureka endpoints via configuration
2026-06-09T03:46:37.393+08:00  INFO 5048 --- [wms-business-service] [rap-executor-%d] c.n.d.s.r.aws.ConfigClusterResolver      : Resolving eureka endpoints via configuration
2026-06-09T03:51:37.402+08:00  INFO 5048 --- [wms-business-service] [rap-executor-%d] c.n.d.s.r.aws.ConfigClusterResolver      : Resolving eureka endpoints via configuration
2026-06-09T03:56:37.406+08:00  INFO 5048 --- [wms-business-service] [rap-executor-%d] c.n.d.s.r.aws.ConfigClusterResolver      : Resolving eureka endpoints via configuration
2026-06-09T04:01:37.419+08:00  INFO 5048 --- [wms-business-service] [rap-executor-%d] c.n.d.s.r.aws.ConfigClusterResolver      : Resolving eureka endpoints via configuration
2026-06-09T04:06:37.432+08:00  INFO 5048 --- [wms-business-service] [rap-executor-%d] c.n.d.s.r.aws.ConfigClusterResolver      : Resolving eureka endpoints via configuration
2026-06-09T04:11:37.447+08:00  INFO 5048 --- [wms-business-service] [rap-executor-%d] c.n.d.s.r.aws.ConfigClusterResolver      : Resolving eureka endpoints via configuration
2026-06-09T04:16:37.465+08:00  INFO 5048 --- [wms-business-service] [rap-executor-%d] c.n.d.s.r.aws.ConfigClusterResolver      : Resolving eureka endpoints via configuration
2026-06-09T04:21:37.475+08:00  INFO 5048 --- [wms-business-service] [rap-executor-%d] c.n.d.s.r.aws.ConfigClusterResolver      : Resolving eureka endpoints via configuration
2026-06-09T04:26:37.483+08:00  INFO 5048 --- [wms-business-service] [rap-executor-%d] c.n.d.s.r.aws.ConfigClusterResolver      : Resolving eureka endpoints via configuration
2026-06-09T04:31:37.494+08:00  INFO 5048 --- [wms-business-service] [rap-executor-%d] c.n.d.s.r.aws.ConfigClusterResolver      : Resolving eureka endpoints via configuration
2026-06-09T04:36:37.499+08:00  INFO 5048 --- [wms-business-service] [rap-executor-%d] c.n.d.s.r.aws.ConfigClusterResolver      : Resolving eureka endpoints via configuration
2026-06-09T04:41:37.517+08:00  INFO 5048 --- [wms-business-service] [rap-executor-%d] c.n.d.s.r.aws.ConfigClusterResolver      : Resolving eureka endpoints via configuration
2026-06-09T04:46:37.522+08:00  INFO 5048 --- [wms-business-service] [rap-executor-%d] c.n.d.s.r.aws.ConfigClusterResolver      : Resolving eureka endpoints via configuration
2026-06-09T04:51:37.523+08:00  INFO 5048 --- [wms-business-service] [rap-executor-%d] c.n.d.s.r.aws.ConfigClusterResolver      : Resolving eureka endpoints via configuration
2026-06-09T04:56:37.537+08:00  INFO 5048 --- [wms-business-service] [rap-executor-%d] c.n.d.s.r.aws.ConfigClusterResolver      : Resolving eureka endpoints via configuration
2026-06-09T05:01:37.554+08:00  INFO 5048 --- [wms-business-service] [rap-executor-%d] c.n.d.s.r.aws.ConfigClusterResolver      : Resolving eureka endpoints via configuration
2026-06-09T05:06:37.564+08:00  INFO 5048 --- [wms-business-service] [rap-executor-%d] c.n.d.s.r.aws.ConfigClusterResolver      : Resolving eureka endpoints via configuration
2026-06-09T05:11:37.575+08:00  INFO 5048 --- [wms-business-service] [rap-executor-%d] c.n.d.s.r.aws.ConfigClusterResolver      : Resolving eureka endpoints via configuration
2026-06-09T05:16:37.586+08:00  INFO 5048 --- [wms-business-service] [rap-executor-%d] c.n.d.s.r.aws.ConfigClusterResolver      : Resolving eureka endpoints via configuration
2026-06-09T05:21:37.592+08:00  INFO 5048 --- [wms-business-service] [rap-executor-%d] c.n.d.s.r.aws.ConfigClusterResolver      : Resolving eureka endpoints via configuration
2026-06-09T05:26:37.603+08:00  INFO 5048 --- [wms-business-service] [rap-executor-%d] c.n.d.s.r.aws.ConfigClusterResolver      : Resolving eureka endpoints via configuration
2026-06-09T05:31:37.618+08:00  INFO 5048 --- [wms-business-service] [rap-executor-%d] c.n.d.s.r.aws.ConfigClusterResolver      : Resolving eureka endpoints via configuration
2026-06-09T05:36:37.629+08:00  INFO 5048 --- [wms-business-service] [rap-executor-%d] c.n.d.s.r.aws.ConfigClusterResolver      : Resolving eureka endpoints via configuration
2026-06-09T05:41:37.636+08:00  INFO 5048 --- [wms-business-service] [rap-executor-%d] c.n.d.s.r.aws.ConfigClusterResolver      : Resolving eureka endpoints via configuration
2026-06-09T05:46:37.646+08:00  INFO 5048 --- [wms-business-service] [rap-executor-%d] c.n.d.s.r.aws.ConfigClusterResolver      : Resolving eureka endpoints via configuration
2026-06-09T05:51:37.668+08:00  INFO 5048 --- [wms-business-service] [rap-executor-%d] c.n.d.s.r.aws.ConfigClusterResolver      : Resolving eureka endpoints via configuration
2026-06-09T05:56:37.683+08:00  INFO 5048 --- [wms-business-service] [rap-executor-%d] c.n.d.s.r.aws.ConfigClusterResolver      : Resolving eureka endpoints via configuration
2026-06-09T06:01:37.690+08:00  INFO 5048 --- [wms-business-service] [rap-executor-%d] c.n.d.s.r.aws.ConfigClusterResolver      : Resolving eureka endpoints via configuration
2026-06-09T06:06:37.703+08:00  INFO 5048 --- [wms-business-service] [rap-executor-%d] c.n.d.s.r.aws.ConfigClusterResolver      : Resolving eureka endpoints via configuration
2026-06-09T06:11:37.709+08:00  INFO 5048 --- [wms-business-service] [rap-executor-%d] c.n.d.s.r.aws.ConfigClusterResolver      : Resolving eureka endpoints via configuration
2026-06-09T06:16:37.717+08:00  INFO 5048 --- [wms-business-service] [rap-executor-%d] c.n.d.s.r.aws.ConfigClusterResolver      : Resolving eureka endpoints via configuration
2026-06-09T06:21:37.731+08:00  INFO 5048 --- [wms-business-service] [rap-executor-%d] c.n.d.s.r.aws.ConfigClusterResolver      : Resolving eureka endpoints via configuration
2026-06-09T06:26:37.747+08:00  INFO 5048 --- [wms-business-service] [rap-executor-%d] c.n.d.s.r.aws.ConfigClusterResolver      : Resolving eureka endpoints via configuration
2026-06-09T06:31:37.760+08:00  INFO 5048 --- [wms-business-service] [rap-executor-%d] c.n.d.s.r.aws.ConfigClusterResolver      : Resolving eureka endpoints via configuration
2026-06-09T06:36:37.764+08:00  INFO 5048 --- [wms-business-service] [rap-executor-%d] c.n.d.s.r.aws.ConfigClusterResolver      : Resolving eureka endpoints via configuration
2026-06-09T06:41:37.778+08:00  INFO 5048 --- [wms-business-service] [rap-executor-%d] c.n.d.s.r.aws.ConfigClusterResolver      : Resolving eureka endpoints via configuration
2026-06-09T06:46:37.791+08:00  INFO 5048 --- [wms-business-service] [rap-executor-%d] c.n.d.s.r.aws.ConfigClusterResolver      : Resolving eureka endpoints via configuration
2026-06-09T06:51:37.804+08:00  INFO 5048 --- [wms-business-service] [rap-executor-%d] c.n.d.s.r.aws.ConfigClusterResolver      : Resolving eureka endpoints via configuration
2026-06-09T06:56:37.809+08:00  INFO 5048 --- [wms-business-service] [rap-executor-%d] c.n.d.s.r.aws.ConfigClusterResolver      : Resolving eureka endpoints via configuration
2026-06-09T07:01:37.820+08:00  INFO 5048 --- [wms-business-service] [rap-executor-%d] c.n.d.s.r.aws.ConfigClusterResolver      : Resolving eureka endpoints via configuration
2026-06-09T07:06:37.827+08:00  INFO 5048 --- [wms-business-service] [rap-executor-%d] c.n.d.s.r.aws.ConfigClusterResolver      : Resolving eureka endpoints via configuration
2026-06-09T07:11:37.836+08:00  INFO 5048 --- [wms-business-service] [rap-executor-%d] c.n.d.s.r.aws.ConfigClusterResolver      : Resolving eureka endpoints via configuration
2026-06-09T07:16:37.847+08:00  INFO 5048 --- [wms-business-service] [rap-executor-%d] c.n.d.s.r.aws.ConfigClusterResolver      : Resolving eureka endpoints via configuration
2026-06-09T07:21:37.858+08:00  INFO 5048 --- [wms-business-service] [rap-executor-%d] c.n.d.s.r.aws.ConfigClusterResolver      : Resolving eureka endpoints via configuration
2026-06-09T07:26:37.867+08:00  INFO 5048 --- [wms-business-service] [rap-executor-%d] c.n.d.s.r.aws.ConfigClusterResolver      : Resolving eureka endpoints via configuration
2026-06-09T07:31:37.871+08:00  INFO 5048 --- [wms-business-service] [rap-executor-%d] c.n.d.s.r.aws.ConfigClusterResolver      : Resolving eureka endpoints via configuration
2026-06-09T07:36:37.849+08:00  INFO 5048 --- [wms-business-service] [rap-executor-%d] c.n.d.s.r.aws.ConfigClusterResolver      : Resolving eureka endpoints via configuration
2026-06-09T07:41:37.852+08:00  INFO 5048 --- [wms-business-service] [rap-executor-%d] c.n.d.s.r.aws.ConfigClusterResolver      : Resolving eureka endpoints via configuration
2026-06-09T07:46:37.831+08:00  INFO 5048 --- [wms-business-service] [rap-executor-%d] c.n.d.s.r.aws.ConfigClusterResolver      : Resolving eureka endpoints via configuration
2026-06-09T07:51:37.820+08:00  INFO 5048 --- [wms-business-service] [rap-executor-%d] c.n.d.s.r.aws.ConfigClusterResolver      : Resolving eureka endpoints via configuration
2026-06-09T07:56:37.806+08:00  INFO 5048 --- [wms-business-service] [rap-executor-%d] c.n.d.s.r.aws.ConfigClusterResolver      : Resolving eureka endpoints via configuration
2026-06-09T08:01:37.794+08:00  INFO 5048 --- [wms-business-service] [rap-executor-%d] c.n.d.s.r.aws.ConfigClusterResolver      : Resolving eureka endpoints via configuration
2026-06-09T08:06:37.783+08:00  INFO 5048 --- [wms-business-service] [rap-executor-%d] c.n.d.s.r.aws.ConfigClusterResolver      : Resolving eureka endpoints via configuration
2026-06-09T08:11:37.781+08:00  INFO 5048 --- [wms-business-service] [rap-executor-%d] c.n.d.s.r.aws.ConfigClusterResolver      : Resolving eureka endpoints via configuration
2026-06-09T08:16:37.774+08:00  INFO 5048 --- [wms-business-service] [rap-executor-%d] c.n.d.s.r.aws.ConfigClusterResolver      : Resolving eureka endpoints via configuration
2026-06-09T08:21:37.766+08:00  INFO 5048 --- [wms-business-service] [rap-executor-%d] c.n.d.s.r.aws.ConfigClusterResolver      : Resolving eureka endpoints via configuration
2026-06-09T08:26:37.764+08:00  INFO 5048 --- [wms-business-service] [rap-executor-%d] c.n.d.s.r.aws.ConfigClusterResolver      : Resolving eureka endpoints via configuration
2026-06-09T08:31:37.765+08:00  INFO 5048 --- [wms-business-service] [rap-executor-%d] c.n.d.s.r.aws.ConfigClusterResolver      : Resolving eureka endpoints via configuration
2026-06-09T08:52:55.219+08:00  WARN 5048 --- [wms-business-service] [l-1:housekeeper] com.zaxxer.hikari.pool.HikariPool        : HikariPool-1 - Thread starvation or clock leap detected (housekeeper delta=20m20s142ms811µs200ns).
[INFO] ------------------------------------------------------------------------
[INFO] BUILD FAILURE
[INFO] ------------------------------------------------------------------------
[INFO] Total time:  06:15 h
[INFO] Finished at: 2026-06-09T08:56:33+08:00
[INFO] ------------------------------------------------------------------------
[ERROR] Failed to execute goal org.springframework.boot:spring-boot-maven-plugin:3.5.7:run (default-cli) on project wms-business-service: Process terminated with exit code: -1 -> [Help 1]
[ERROR] 
[ERROR] To see the full stack trace of the errors, re-run Maven with the -e switch.
[ERROR] Re-run Maven using the -X switch to enable full debug logging.
[ERROR] 
[ERROR] For more information about the errors and possible solutions, please read the following articles:
[ERROR] [Help 1] http://cwiki.apache.org/confluence/display/MAVEN/MojoExecutionException
