[INFO] Scanning for projects...
[INFO] 
[INFO] -------------------< com.example:wms-system-service >-------------------
[INFO] Building wms-system-service 0.0.1-SNAPSHOT
[INFO]   from pom.xml
[INFO] --------------------------------[ jar ]---------------------------------
[INFO] 
[INFO] >>> spring-boot:3.5.7:run (default-cli) > test-compile @ wms-system-service >>>
[INFO] 
[INFO] --- resources:3.3.1:resources (default-resources) @ wms-system-service ---
[INFO] Copying 1 resource from src\main\resources to target\classes
[INFO] Copying 0 resource from src\main\resources to target\classes
[INFO] 
[INFO] --- compiler:3.14.1:compile (default-compile) @ wms-system-service ---
[INFO] Nothing to compile - all classes are up to date.
[INFO] 
[INFO] --- resources:3.3.1:testResources (default-testResources) @ wms-system-service ---
[INFO] skip non existing resourceDirectory D:\projects\wms-springcloud\wms-system-service\src\test\resources
[INFO] 
[INFO] --- compiler:3.14.1:testCompile (default-testCompile) @ wms-system-service ---
[INFO] No sources to compile
[INFO] 
[INFO] <<< spring-boot:3.5.7:run (default-cli) < test-compile @ wms-system-service <<<
[INFO] 
[INFO] 
[INFO] --- spring-boot:3.5.7:run (default-cli) @ wms-system-service ---
[INFO] Attaching agents: []

  .   ____          _            __ _ _
 /\\ / ___'_ __ _ _(_)_ __  __ _ \ \ \ \
( ( )\___ | '_ | '_| | '_ \/ _` | \ \ \ \
 \\/  ___)| |_)| | | | | || (_| |  ) ) ) )
  '  |____| .__|_| |_|_| |_\__, | / / / /
 =========|_|==============|___/=/_/_/_/

 :: Spring Boot ::                (v3.5.7)

2026-06-09T02:41:15.594+08:00  INFO 7620 --- [wms-system-service] [           main] c.e.wms.WmsSystemServiceApplication      : Starting WmsSystemServiceApplication using Java 21.0.10 with PID 7620 (D:\projects\wms-springcloud\wms-system-service\target\classes started by lenovo in D:\projects\wms-springcloud\wms-system-service)
2026-06-09T02:41:15.596+08:00  INFO 7620 --- [wms-system-service] [           main] c.e.wms.WmsSystemServiceApplication      : No active profile set, falling back to 1 default profile: "default"
2026-06-09T02:41:16.168+08:00  INFO 7620 --- [wms-system-service] [           main] .s.d.r.c.RepositoryConfigurationDelegate : Bootstrapping Spring Data JPA repositories in DEFAULT mode.
2026-06-09T02:41:16.284+08:00  INFO 7620 --- [wms-system-service] [           main] .s.d.r.c.RepositoryConfigurationDelegate : Finished Spring Data repository scanning in 105 ms. Found 5 JPA repository interfaces.
2026-06-09T02:41:16.482+08:00  INFO 7620 --- [wms-system-service] [           main] o.s.cloud.context.scope.GenericScope     : BeanFactory id=24797d5e-8923-38dc-bc33-e423bc1a117b
2026-06-09T02:41:16.962+08:00  INFO 7620 --- [wms-system-service] [           main] o.s.b.w.embedded.tomcat.TomcatWebServer  : Tomcat initialized with port 8082 (http)
2026-06-09T02:41:16.988+08:00  INFO 7620 --- [wms-system-service] [           main] o.apache.catalina.core.StandardService   : Starting service [Tomcat]
2026-06-09T02:41:16.989+08:00  INFO 7620 --- [wms-system-service] [           main] o.apache.catalina.core.StandardEngine    : Starting Servlet engine: [Apache Tomcat/10.1.48]
2026-06-09T02:41:17.114+08:00  INFO 7620 --- [wms-system-service] [           main] o.a.c.c.C.[Tomcat].[localhost].[/]       : Initializing Spring embedded WebApplicationContext
2026-06-09T02:41:17.115+08:00  INFO 7620 --- [wms-system-service] [           main] w.s.c.ServletWebServerApplicationContext : Root WebApplicationContext: initialization completed in 1483 ms
2026-06-09T02:41:17.419+08:00  INFO 7620 --- [wms-system-service] [           main] o.hibernate.jpa.internal.util.LogHelper  : HHH000204: Processing PersistenceUnitInfo [name: default]
2026-06-09T02:41:17.523+08:00  INFO 7620 --- [wms-system-service] [           main] org.hibernate.Version                    : HHH000412: Hibernate ORM core version 6.6.33.Final
2026-06-09T02:41:17.596+08:00  INFO 7620 --- [wms-system-service] [           main] o.h.c.internal.RegionFactoryInitiator    : HHH000026: Second-level cache disabled
2026-06-09T02:41:18.072+08:00  INFO 7620 --- [wms-system-service] [           main] o.s.o.j.p.SpringPersistenceUnitInfo      : No LoadTimeWeaver setup: ignoring JPA class transformer
2026-06-09T02:41:18.116+08:00  INFO 7620 --- [wms-system-service] [           main] com.zaxxer.hikari.HikariDataSource       : HikariPool-1 - Starting...
2026-06-09T02:41:18.425+08:00  INFO 7620 --- [wms-system-service] [           main] com.zaxxer.hikari.pool.HikariPool        : HikariPool-1 - Added connection com.mysql.cj.jdbc.ConnectionImpl@280d6a20
2026-06-09T02:41:18.429+08:00  INFO 7620 --- [wms-system-service] [           main] com.zaxxer.hikari.HikariDataSource       : HikariPool-1 - Start completed.
2026-06-09T02:41:18.595+08:00  INFO 7620 --- [wms-system-service] [           main] org.hibernate.orm.connections.pooling    : HHH10001005: Database info:
	Database JDBC URL [Connecting through datasource 'HikariDataSource (HikariPool-1)']
	Database driver: undefined/unknown
	Database version: 8.0.46
	Autocommit mode: undefined/unknown
	Isolation level: undefined/unknown
	Minimum pool size: undefined/unknown
	Maximum pool size: undefined/unknown
2026-06-09T02:41:19.962+08:00  INFO 7620 --- [wms-system-service] [           main] o.h.e.t.j.p.i.JtaPlatformInitiator       : HHH000489: No JTA platform available (set 'hibernate.transaction.jta.platform' to enable JTA platform integration)
2026-06-09T02:41:20.054+08:00  INFO 7620 --- [wms-system-service] [           main] j.LocalContainerEntityManagerFactoryBean : Initialized JPA EntityManagerFactory for persistence unit 'default'
2026-06-09T02:41:22.668+08:00  INFO 7620 --- [wms-system-service] [           main] o.s.cloud.commons.util.InetUtils         : Cannot determine local hostname
2026-06-09T02:41:23.713+08:00  INFO 7620 --- [wms-system-service] [           main] o.s.cloud.commons.util.InetUtils         : Cannot determine local hostname
2026-06-09T02:41:23.747+08:00  INFO 7620 --- [wms-system-service] [           main] DiscoveryClientOptionalArgsConfiguration : Eureka HTTP Client uses RestTemplate.
2026-06-09T02:41:23.801+08:00  WARN 7620 --- [wms-system-service] [           main] iguration$LoadBalancerCaffeineWarnLogger : Spring Cloud LoadBalancer is currently working with the default cache. While this cache implementation is useful for development and tests, it's recommended to use Caffeine cache in production.You can switch to using Caffeine cache, by adding it and org.springframework.cache.caffeine.CaffeineCacheManager to the classpath.
2026-06-09T02:41:23.842+08:00  INFO 7620 --- [wms-system-service] [           main] o.s.c.n.eureka.InstanceInfoFactory       : Setting initial instance status as: STARTING
2026-06-09T02:41:23.884+08:00  INFO 7620 --- [wms-system-service] [           main] com.netflix.discovery.DiscoveryClient    : Initializing Eureka in region us-east-1
2026-06-09T02:41:23.890+08:00  INFO 7620 --- [wms-system-service] [           main] c.n.d.s.r.aws.ConfigClusterResolver      : Resolving eureka endpoints via configuration
2026-06-09T02:41:23.904+08:00  INFO 7620 --- [wms-system-service] [           main] com.netflix.discovery.DiscoveryClient    : Disable delta property : false
2026-06-09T02:41:23.905+08:00  INFO 7620 --- [wms-system-service] [           main] com.netflix.discovery.DiscoveryClient    : Single vip registry refresh property : null
2026-06-09T02:41:23.905+08:00  INFO 7620 --- [wms-system-service] [           main] com.netflix.discovery.DiscoveryClient    : Force full registry fetch : false
2026-06-09T02:41:23.906+08:00  INFO 7620 --- [wms-system-service] [           main] com.netflix.discovery.DiscoveryClient    : Application is null : false
2026-06-09T02:41:23.906+08:00  INFO 7620 --- [wms-system-service] [           main] com.netflix.discovery.DiscoveryClient    : Registered Applications size is zero : true
2026-06-09T02:41:23.907+08:00  INFO 7620 --- [wms-system-service] [           main] com.netflix.discovery.DiscoveryClient    : Application version is -1: true
2026-06-09T02:41:23.907+08:00  INFO 7620 --- [wms-system-service] [           main] com.netflix.discovery.DiscoveryClient    : Getting all instance registry info from the eureka server
2026-06-09T02:41:24.671+08:00  INFO 7620 --- [wms-system-service] [           main] com.netflix.discovery.DiscoveryClient    : The response status is 200
2026-06-09T02:41:24.674+08:00  INFO 7620 --- [wms-system-service] [           main] com.netflix.discovery.DiscoveryClient    : Starting heartbeat executor: renew interval is: 30
2026-06-09T02:41:24.678+08:00  INFO 7620 --- [wms-system-service] [           main] c.n.discovery.InstanceInfoReplicator     : InstanceInfoReplicator onDemand update allowed rate per min is 4
2026-06-09T02:41:24.682+08:00  INFO 7620 --- [wms-system-service] [           main] com.netflix.discovery.DiscoveryClient    : Discovery Client initialized at timestamp 1780944084680 with initial instances count: 0
2026-06-09T02:41:24.687+08:00  INFO 7620 --- [wms-system-service] [           main] o.s.c.n.e.s.EurekaServiceRegistry        : Registering application WMS-SYSTEM-SERVICE with eureka with status UP
2026-06-09T02:41:24.688+08:00  INFO 7620 --- [wms-system-service] [           main] com.netflix.discovery.DiscoveryClient    : Saw local status change event StatusChangeEvent [timestamp=1780944084688, current=UP, previous=STARTING]
2026-06-09T02:41:24.691+08:00  INFO 7620 --- [wms-system-service] [foReplicator-%d] com.netflix.discovery.DiscoveryClient    : DiscoveryClient_WMS-SYSTEM-SERVICE/localhost:wms-system-service:8082: registering service...
2026-06-09T02:41:24.719+08:00  INFO 7620 --- [wms-system-service] [           main] o.s.b.w.embedded.tomcat.TomcatWebServer  : Tomcat started on port 8082 (http) with context path '/'
2026-06-09T02:41:24.723+08:00  INFO 7620 --- [wms-system-service] [           main] .s.c.n.e.s.EurekaAutoServiceRegistration : Updating port to 8082
2026-06-09T02:41:24.889+08:00  INFO 7620 --- [wms-system-service] [foReplicator-%d] com.netflix.discovery.DiscoveryClient    : DiscoveryClient_WMS-SYSTEM-SERVICE/localhost:wms-system-service:8082 - registration status: 204
2026-06-09T02:41:25.741+08:00  INFO 7620 --- [wms-system-service] [           main] o.s.cloud.commons.util.InetUtils         : Cannot determine local hostname
2026-06-09T02:41:25.777+08:00  INFO 7620 --- [wms-system-service] [           main] c.e.wms.WmsSystemServiceApplication      : Started WmsSystemServiceApplication in 11.536 seconds (process running for 12.004)
2026-06-09T02:41:48.168+08:00  INFO 7620 --- [wms-system-service] [nio-8082-exec-1] o.a.c.c.C.[Tomcat].[localhost].[/]       : Initializing Spring DispatcherServlet 'dispatcherServlet'
2026-06-09T02:41:48.170+08:00  INFO 7620 --- [wms-system-service] [nio-8082-exec-1] o.s.web.servlet.DispatcherServlet        : Initializing Servlet 'dispatcherServlet'
2026-06-09T02:41:48.172+08:00  INFO 7620 --- [wms-system-service] [nio-8082-exec-1] o.s.web.servlet.DispatcherServlet        : Completed initialization in 2 ms
2026-06-09T02:41:54.679+08:00  INFO 7620 --- [wms-system-service] [reshExecutor-%d] com.netflix.discovery.DiscoveryClient    : Disable delta property : false
2026-06-09T02:41:54.680+08:00  INFO 7620 --- [wms-system-service] [reshExecutor-%d] com.netflix.discovery.DiscoveryClient    : Single vip registry refresh property : null
2026-06-09T02:41:54.680+08:00  INFO 7620 --- [wms-system-service] [reshExecutor-%d] com.netflix.discovery.DiscoveryClient    : Force full registry fetch : false
2026-06-09T02:41:54.680+08:00  INFO 7620 --- [wms-system-service] [reshExecutor-%d] com.netflix.discovery.DiscoveryClient    : Application is null : false
2026-06-09T02:41:54.681+08:00  INFO 7620 --- [wms-system-service] [reshExecutor-%d] com.netflix.discovery.DiscoveryClient    : Registered Applications size is zero : true
2026-06-09T02:41:54.681+08:00  INFO 7620 --- [wms-system-service] [reshExecutor-%d] com.netflix.discovery.DiscoveryClient    : Application version is -1: false
2026-06-09T02:41:54.682+08:00  INFO 7620 --- [wms-system-service] [reshExecutor-%d] com.netflix.discovery.DiscoveryClient    : Getting all instance registry info from the eureka server
2026-06-09T02:41:54.719+08:00  INFO 7620 --- [wms-system-service] [reshExecutor-%d] com.netflix.discovery.DiscoveryClient    : The response status is 200
2026-06-09T02:46:26.413+08:00  INFO 7620 --- [wms-system-service] [rap-executor-%d] c.n.d.s.r.aws.ConfigClusterResolver      : Resolving eureka endpoints via configuration
2026-06-09T02:51:26.429+08:00  INFO 7620 --- [wms-system-service] [rap-executor-%d] c.n.d.s.r.aws.ConfigClusterResolver      : Resolving eureka endpoints via configuration
2026-06-09T02:56:26.446+08:00  INFO 7620 --- [wms-system-service] [rap-executor-%d] c.n.d.s.r.aws.ConfigClusterResolver      : Resolving eureka endpoints via configuration
2026-06-09T03:01:26.450+08:00  INFO 7620 --- [wms-system-service] [rap-executor-%d] c.n.d.s.r.aws.ConfigClusterResolver      : Resolving eureka endpoints via configuration
2026-06-09T03:06:26.464+08:00  INFO 7620 --- [wms-system-service] [rap-executor-%d] c.n.d.s.r.aws.ConfigClusterResolver      : Resolving eureka endpoints via configuration
2026-06-09T03:11:26.483+08:00  INFO 7620 --- [wms-system-service] [rap-executor-%d] c.n.d.s.r.aws.ConfigClusterResolver      : Resolving eureka endpoints via configuration
2026-06-09T03:16:26.488+08:00  INFO 7620 --- [wms-system-service] [rap-executor-%d] c.n.d.s.r.aws.ConfigClusterResolver      : Resolving eureka endpoints via configuration
2026-06-09T03:21:26.487+08:00  INFO 7620 --- [wms-system-service] [rap-executor-%d] c.n.d.s.r.aws.ConfigClusterResolver      : Resolving eureka endpoints via configuration
2026-06-09T03:26:26.499+08:00  INFO 7620 --- [wms-system-service] [rap-executor-%d] c.n.d.s.r.aws.ConfigClusterResolver      : Resolving eureka endpoints via configuration
2026-06-09T03:31:26.509+08:00  INFO 7620 --- [wms-system-service] [rap-executor-%d] c.n.d.s.r.aws.ConfigClusterResolver      : Resolving eureka endpoints via configuration
2026-06-09T03:36:26.519+08:00  INFO 7620 --- [wms-system-service] [rap-executor-%d] c.n.d.s.r.aws.ConfigClusterResolver      : Resolving eureka endpoints via configuration
2026-06-09T03:41:26.519+08:00  INFO 7620 --- [wms-system-service] [rap-executor-%d] c.n.d.s.r.aws.ConfigClusterResolver      : Resolving eureka endpoints via configuration
2026-06-09T03:46:26.523+08:00  INFO 7620 --- [wms-system-service] [rap-executor-%d] c.n.d.s.r.aws.ConfigClusterResolver      : Resolving eureka endpoints via configuration
2026-06-09T03:51:26.531+08:00  INFO 7620 --- [wms-system-service] [rap-executor-%d] c.n.d.s.r.aws.ConfigClusterResolver      : Resolving eureka endpoints via configuration
2026-06-09T03:56:26.547+08:00  INFO 7620 --- [wms-system-service] [rap-executor-%d] c.n.d.s.r.aws.ConfigClusterResolver      : Resolving eureka endpoints via configuration
2026-06-09T04:01:26.563+08:00  INFO 7620 --- [wms-system-service] [rap-executor-%d] c.n.d.s.r.aws.ConfigClusterResolver      : Resolving eureka endpoints via configuration
2026-06-09T04:06:26.578+08:00  INFO 7620 --- [wms-system-service] [rap-executor-%d] c.n.d.s.r.aws.ConfigClusterResolver      : Resolving eureka endpoints via configuration
2026-06-09T04:11:26.589+08:00  INFO 7620 --- [wms-system-service] [rap-executor-%d] c.n.d.s.r.aws.ConfigClusterResolver      : Resolving eureka endpoints via configuration
2026-06-09T04:16:26.602+08:00  INFO 7620 --- [wms-system-service] [rap-executor-%d] c.n.d.s.r.aws.ConfigClusterResolver      : Resolving eureka endpoints via configuration
2026-06-09T04:21:26.611+08:00  INFO 7620 --- [wms-system-service] [rap-executor-%d] c.n.d.s.r.aws.ConfigClusterResolver      : Resolving eureka endpoints via configuration
2026-06-09T04:26:26.616+08:00  INFO 7620 --- [wms-system-service] [rap-executor-%d] c.n.d.s.r.aws.ConfigClusterResolver      : Resolving eureka endpoints via configuration
2026-06-09T04:31:26.622+08:00  INFO 7620 --- [wms-system-service] [rap-executor-%d] c.n.d.s.r.aws.ConfigClusterResolver      : Resolving eureka endpoints via configuration
2026-06-09T04:36:26.637+08:00  INFO 7620 --- [wms-system-service] [rap-executor-%d] c.n.d.s.r.aws.ConfigClusterResolver      : Resolving eureka endpoints via configuration
2026-06-09T04:41:26.649+08:00  INFO 7620 --- [wms-system-service] [rap-executor-%d] c.n.d.s.r.aws.ConfigClusterResolver      : Resolving eureka endpoints via configuration
2026-06-09T04:46:26.664+08:00  INFO 7620 --- [wms-system-service] [rap-executor-%d] c.n.d.s.r.aws.ConfigClusterResolver      : Resolving eureka endpoints via configuration
2026-06-09T04:51:26.678+08:00  INFO 7620 --- [wms-system-service] [rap-executor-%d] c.n.d.s.r.aws.ConfigClusterResolver      : Resolving eureka endpoints via configuration
2026-06-09T04:56:26.680+08:00  INFO 7620 --- [wms-system-service] [rap-executor-%d] c.n.d.s.r.aws.ConfigClusterResolver      : Resolving eureka endpoints via configuration
2026-06-09T05:01:26.694+08:00  INFO 7620 --- [wms-system-service] [rap-executor-%d] c.n.d.s.r.aws.ConfigClusterResolver      : Resolving eureka endpoints via configuration
2026-06-09T05:06:26.704+08:00  INFO 7620 --- [wms-system-service] [rap-executor-%d] c.n.d.s.r.aws.ConfigClusterResolver      : Resolving eureka endpoints via configuration
2026-06-09T05:11:26.707+08:00  INFO 7620 --- [wms-system-service] [rap-executor-%d] c.n.d.s.r.aws.ConfigClusterResolver      : Resolving eureka endpoints via configuration
2026-06-09T05:16:26.711+08:00  INFO 7620 --- [wms-system-service] [rap-executor-%d] c.n.d.s.r.aws.ConfigClusterResolver      : Resolving eureka endpoints via configuration
2026-06-09T05:21:26.722+08:00  INFO 7620 --- [wms-system-service] [rap-executor-%d] c.n.d.s.r.aws.ConfigClusterResolver      : Resolving eureka endpoints via configuration
2026-06-09T05:26:26.736+08:00  INFO 7620 --- [wms-system-service] [rap-executor-%d] c.n.d.s.r.aws.ConfigClusterResolver      : Resolving eureka endpoints via configuration
2026-06-09T05:31:26.750+08:00  INFO 7620 --- [wms-system-service] [rap-executor-%d] c.n.d.s.r.aws.ConfigClusterResolver      : Resolving eureka endpoints via configuration
2026-06-09T05:36:26.756+08:00  INFO 7620 --- [wms-system-service] [rap-executor-%d] c.n.d.s.r.aws.ConfigClusterResolver      : Resolving eureka endpoints via configuration
2026-06-09T05:41:26.767+08:00  INFO 7620 --- [wms-system-service] [rap-executor-%d] c.n.d.s.r.aws.ConfigClusterResolver      : Resolving eureka endpoints via configuration
2026-06-09T05:46:26.782+08:00  INFO 7620 --- [wms-system-service] [rap-executor-%d] c.n.d.s.r.aws.ConfigClusterResolver      : Resolving eureka endpoints via configuration
2026-06-09T05:51:26.798+08:00  INFO 7620 --- [wms-system-service] [rap-executor-%d] c.n.d.s.r.aws.ConfigClusterResolver      : Resolving eureka endpoints via configuration
2026-06-09T05:56:26.808+08:00  INFO 7620 --- [wms-system-service] [rap-executor-%d] c.n.d.s.r.aws.ConfigClusterResolver      : Resolving eureka endpoints via configuration
2026-06-09T06:01:26.820+08:00  INFO 7620 --- [wms-system-service] [rap-executor-%d] c.n.d.s.r.aws.ConfigClusterResolver      : Resolving eureka endpoints via configuration
2026-06-09T06:06:26.840+08:00  INFO 7620 --- [wms-system-service] [rap-executor-%d] c.n.d.s.r.aws.ConfigClusterResolver      : Resolving eureka endpoints via configuration
2026-06-09T06:11:26.850+08:00  INFO 7620 --- [wms-system-service] [rap-executor-%d] c.n.d.s.r.aws.ConfigClusterResolver      : Resolving eureka endpoints via configuration
2026-06-09T06:16:26.864+08:00  INFO 7620 --- [wms-system-service] [rap-executor-%d] c.n.d.s.r.aws.ConfigClusterResolver      : Resolving eureka endpoints via configuration
2026-06-09T06:21:26.875+08:00  INFO 7620 --- [wms-system-service] [rap-executor-%d] c.n.d.s.r.aws.ConfigClusterResolver      : Resolving eureka endpoints via configuration
2026-06-09T06:26:26.888+08:00  INFO 7620 --- [wms-system-service] [rap-executor-%d] c.n.d.s.r.aws.ConfigClusterResolver      : Resolving eureka endpoints via configuration
2026-06-09T06:31:26.900+08:00  INFO 7620 --- [wms-system-service] [rap-executor-%d] c.n.d.s.r.aws.ConfigClusterResolver      : Resolving eureka endpoints via configuration
2026-06-09T06:36:26.910+08:00  INFO 7620 --- [wms-system-service] [rap-executor-%d] c.n.d.s.r.aws.ConfigClusterResolver      : Resolving eureka endpoints via configuration
2026-06-09T06:41:26.921+08:00  INFO 7620 --- [wms-system-service] [rap-executor-%d] c.n.d.s.r.aws.ConfigClusterResolver      : Resolving eureka endpoints via configuration
2026-06-09T06:46:26.934+08:00  INFO 7620 --- [wms-system-service] [rap-executor-%d] c.n.d.s.r.aws.ConfigClusterResolver      : Resolving eureka endpoints via configuration
2026-06-09T06:51:26.946+08:00  INFO 7620 --- [wms-system-service] [rap-executor-%d] c.n.d.s.r.aws.ConfigClusterResolver      : Resolving eureka endpoints via configuration
2026-06-09T06:56:26.969+08:00  INFO 7620 --- [wms-system-service] [rap-executor-%d] c.n.d.s.r.aws.ConfigClusterResolver      : Resolving eureka endpoints via configuration
2026-06-09T07:01:26.977+08:00  INFO 7620 --- [wms-system-service] [rap-executor-%d] c.n.d.s.r.aws.ConfigClusterResolver      : Resolving eureka endpoints via configuration
2026-06-09T07:06:26.982+08:00  INFO 7620 --- [wms-system-service] [rap-executor-%d] c.n.d.s.r.aws.ConfigClusterResolver      : Resolving eureka endpoints via configuration
2026-06-09T07:11:26.990+08:00  INFO 7620 --- [wms-system-service] [rap-executor-%d] c.n.d.s.r.aws.ConfigClusterResolver      : Resolving eureka endpoints via configuration
2026-06-09T07:16:27.003+08:00  INFO 7620 --- [wms-system-service] [rap-executor-%d] c.n.d.s.r.aws.ConfigClusterResolver      : Resolving eureka endpoints via configuration
2026-06-09T07:21:27.014+08:00  INFO 7620 --- [wms-system-service] [rap-executor-%d] c.n.d.s.r.aws.ConfigClusterResolver      : Resolving eureka endpoints via configuration
2026-06-09T07:26:27.032+08:00  INFO 7620 --- [wms-system-service] [rap-executor-%d] c.n.d.s.r.aws.ConfigClusterResolver      : Resolving eureka endpoints via configuration
2026-06-09T07:31:27.042+08:00  INFO 7620 --- [wms-system-service] [rap-executor-%d] c.n.d.s.r.aws.ConfigClusterResolver      : Resolving eureka endpoints via configuration
2026-06-09T07:36:27.024+08:00  INFO 7620 --- [wms-system-service] [rap-executor-%d] c.n.d.s.r.aws.ConfigClusterResolver      : Resolving eureka endpoints via configuration
2026-06-09T07:41:27.001+08:00  INFO 7620 --- [wms-system-service] [rap-executor-%d] c.n.d.s.r.aws.ConfigClusterResolver      : Resolving eureka endpoints via configuration
2026-06-09T07:46:26.978+08:00  INFO 7620 --- [wms-system-service] [rap-executor-%d] c.n.d.s.r.aws.ConfigClusterResolver      : Resolving eureka endpoints via configuration
2026-06-09T07:51:26.970+08:00  INFO 7620 --- [wms-system-service] [rap-executor-%d] c.n.d.s.r.aws.ConfigClusterResolver      : Resolving eureka endpoints via configuration
2026-06-09T07:56:26.961+08:00  INFO 7620 --- [wms-system-service] [rap-executor-%d] c.n.d.s.r.aws.ConfigClusterResolver      : Resolving eureka endpoints via configuration
2026-06-09T08:01:26.952+08:00  INFO 7620 --- [wms-system-service] [rap-executor-%d] c.n.d.s.r.aws.ConfigClusterResolver      : Resolving eureka endpoints via configuration
2026-06-09T08:06:26.937+08:00  INFO 7620 --- [wms-system-service] [rap-executor-%d] c.n.d.s.r.aws.ConfigClusterResolver      : Resolving eureka endpoints via configuration
2026-06-09T08:11:26.931+08:00  INFO 7620 --- [wms-system-service] [rap-executor-%d] c.n.d.s.r.aws.ConfigClusterResolver      : Resolving eureka endpoints via configuration
2026-06-09T08:16:26.928+08:00  INFO 7620 --- [wms-system-service] [rap-executor-%d] c.n.d.s.r.aws.ConfigClusterResolver      : Resolving eureka endpoints via configuration
2026-06-09T08:21:26.919+08:00  INFO 7620 --- [wms-system-service] [rap-executor-%d] c.n.d.s.r.aws.ConfigClusterResolver      : Resolving eureka endpoints via configuration
2026-06-09T08:26:26.918+08:00  INFO 7620 --- [wms-system-service] [rap-executor-%d] c.n.d.s.r.aws.ConfigClusterResolver      : Resolving eureka endpoints via configuration
2026-06-09T08:31:26.927+08:00  INFO 7620 --- [wms-system-service] [rap-executor-%d] c.n.d.s.r.aws.ConfigClusterResolver      : Resolving eureka endpoints via configuration
2026-06-09T08:52:52.605+08:00  WARN 7620 --- [wms-system-service] [l-1:housekeeper] com.zaxxer.hikari.pool.HikariPool        : HikariPool-1 - Thread starvation or clock leap detected (housekeeper delta=20m26s804ms71µs).
[INFO] ------------------------------------------------------------------------
[INFO] BUILD FAILURE
[INFO] ------------------------------------------------------------------------
[INFO] Total time:  06:15 h
[INFO] Finished at: 2026-06-09T08:56:33+08:00
[INFO] ------------------------------------------------------------------------
[ERROR] Failed to execute goal org.springframework.boot:spring-boot-maven-plugin:3.5.7:run (default-cli) on project wms-system-service: Process terminated with exit code: -1 -> [Help 1]
[ERROR] 
[ERROR] To see the full stack trace of the errors, re-run Maven with the -e switch.
[ERROR] Re-run Maven using the -X switch to enable full debug logging.
[ERROR] 
[ERROR] For more information about the errors and possible solutions, please read the following articles:
[ERROR] [Help 1] http://cwiki.apache.org/confluence/display/MAVEN/MojoExecutionException
